11:20:14.130 INFO  org.springframework.data.repository.config.RepositoryConfigurationDelegate (restartedMain) [o.s.d.r.c.RepositoryConfigurationDelegate] -- Bootstrapping Spring Data JPA repositories in DEFAULT mode.
11:20:14.215 INFO  org.springframework.data.repository.config.RepositoryConfigurationDelegate (restartedMain) [o.s.d.r.c.RepositoryConfigurationDelegate] -- Finished Spring Data repository scanning in 60 ms. Found 1 JPA repository interfaces.
11:20:15.049 INFO  org.springframework.boot.web.embedded.tomcat.TomcatWebServer (restartedMain) [o.s.b.w.e.tomcat.TomcatWebServer] -- Tomcat initialized with port(s): 8080 (http)
11:20:15.064 INFO  org.apache.juli.logging.DirectJDKLog (restartedMain) [o.a.catalina.core.StandardService] -- Starting service [Tomcat]
11:20:15.065 INFO  org.apache.juli.logging.DirectJDKLog (restartedMain) [o.a.catalina.core.StandardEngine] -- Starting Servlet engine: [Apache Tomcat/9.0.64]
11:20:15.223 INFO  org.apache.juli.logging.DirectJDKLog (restartedMain) [o.a.c.c.C.[Tomcat].[localhost].[/]] -- Initializing Spring embedded WebApplicationContext
11:20:15.224 INFO  org.springframework.boot.web.servlet.context.ServletWebServerApplicationContext (restartedMain) [o.s.b.w.s.c.ServletWebServerApplicationContext] -- Root WebApplicationContext: initialization completed in 1824 ms
11:20:15.272 INFO  com.zaxxer.hikari.HikariDataSource (restartedMain) [com.zaxxer.hikari.HikariDataSource] -- HikariPool-1 - Starting...
11:20:15.286 WARN  com.zaxxer.hikari.util.DriverDataSource (restartedMain) [c.z.hikari.util.DriverDataSource] -- Registered driver with driverClassName=com.mysql.jdbc.Driver was not found, trying direct instantiation.
11:20:15.627 INFO  com.zaxxer.hikari.HikariDataSource (restartedMain) [com.zaxxer.hikari.HikariDataSource] -- HikariPool-1 - Start completed.
11:20:15.639 INFO  org.springframework.boot.autoconfigure.h2.H2ConsoleAutoConfiguration (restartedMain) [o.s.b.a.h.H2ConsoleAutoConfiguration] -- H2 console available at '/h2-console'. Database available at 'jdbc:mysql://localhost:3306/javafsd'
11:20:15.880 INFO  org.hibernate.jpa.internal.util.LogHelper (restartedMain) [o.h.jpa.internal.util.LogHelper] -- HHH000204: Processing PersistenceUnitInfo [name: default]
11:20:15.960 INFO  org.hibernate.Version (restartedMain) [org.hibernate.Version] -- HHH000412: Hibernate ORM core version 5.6.9.Final
11:20:16.157 INFO  org.hibernate.annotations.common.reflection.java.JavaReflectionManager (restartedMain) [o.h.annotations.common.Version] -- HCANN000001: Hibernate Commons Annotations {5.1.2.Final}
11:20:16.283 INFO  org.hibernate.dialect.Dialect (restartedMain) [org.hibernate.dialect.Dialect] -- HHH000400: Using dialect: org.hibernate.dialect.MySQL8Dialect
11:20:16.928 INFO  org.hibernate.engine.transaction.jta.platform.internal.JtaPlatformInitiator (restartedMain) [o.h.e.t.j.p.i.JtaPlatformInitiator] -- HHH000490: Using JtaPlatform implementation: [org.hibernate.engine.transaction.jta.platform.internal.NoJtaPlatform]
11:20:16.937 INFO  org.springframework.orm.jpa.AbstractEntityManagerFactoryBean (restartedMain) [o.s.o.j.LocalContainerEntityManagerFactoryBean] -- Initialized JPA EntityManagerFactory for persistence unit 'default'
11:20:17.361 WARN  org.springframework.boot.autoconfigure.orm.jpa.JpaBaseConfiguration$JpaWebConfiguration (restartedMain) [o.s.b.a.o.j.JpaBaseConfiguration$JpaWebConfiguration] -- spring.jpa.open-in-view is enabled by default. Therefore, database queries may be performed during view rendering. Explicitly configure spring.jpa.open-in-view to disable this warning
11:20:17.758 INFO  org.springframework.boot.devtools.autoconfigure.OptionalLiveReloadServer (restartedMain) [o.s.b.d.a.OptionalLiveReloadServer] -- LiveReload server is running on port 35729
11:20:17.803 INFO  org.springframework.boot.web.embedded.tomcat.TomcatWebServer (restartedMain) [o.s.b.w.e.tomcat.TomcatWebServer] -- Tomcat started on port(s): 8080 (http) with context path ''
11:20:17.814 INFO  org.springframework.boot.StartupInfoLogger (restartedMain) [c.j.d.DepartmentServiceApplication] -- Started DepartmentServiceApplication in 4.928 seconds (JVM running for 5.657)
11:23:01.259 INFO  org.apache.juli.logging.DirectJDKLog (http-nio-8080-exec-2) [o.a.c.c.C.[Tomcat].[localhost].[/]] -- Initializing Spring DispatcherServlet 'dispatcherServlet'
11:23:01.261 INFO  org.springframework.web.servlet.FrameworkServlet (http-nio-8080-exec-2) [o.s.web.servlet.DispatcherServlet] -- Initializing Servlet 'dispatcherServlet'
11:23:01.262 INFO  org.springframework.web.servlet.FrameworkServlet (http-nio-8080-exec-2) [o.s.web.servlet.DispatcherServlet] -- Completed initialization in 1 ms
11:23:01.462 INFO  com.javafsd.departmentservice.service.DepartmentServiceImpl (http-nio-8080-exec-2) [c.j.d.service.DepartmentServiceImpl] -- Department saved successfully in database
11:23:26.004 INFO  com.javafsd.departmentservice.service.DepartmentServiceImpl (http-nio-8080-exec-3) [c.j.d.service.DepartmentServiceImpl] -- Department saved successfully in database
11:23:49.491 INFO  com.javafsd.departmentservice.service.DepartmentServiceImpl (http-nio-8080-exec-4) [c.j.d.service.DepartmentServiceImpl] -- Department saved successfully in database
