11:24:08.661 INFO  com.javafsd.departmentservice.service.DepartmentServiceImpl (http-nio-8080-exec-5) [c.j.d.service.DepartmentServiceImpl] -- Department saved successfully in database
11:29:10.649 INFO  org.springframework.orm.jpa.AbstractEntityManagerFactoryBean (Thread-5) [o.s.o.j.LocalContainerEntityManagerFactoryBean] -- Closing JPA EntityManagerFactory for persistence unit 'default'
11:29:10.652 INFO  com.zaxxer.hikari.HikariDataSource (Thread-5) [com.zaxxer.hikari.HikariDataSource] -- HikariPool-1 - Shutdown initiated...
11:29:10.664 INFO  com.zaxxer.hikari.HikariDataSource (Thread-5) [com.zaxxer.hikari.HikariDataSource] -- HikariPool-1 - Shutdown completed.
11:29:10.773 INFO  org.springframework.boot.StartupInfoLogger (restartedMain) [c.j.d.DepartmentServiceApplication] -- Starting DepartmentServiceApplication using Java 11.0.8 on VSP-5C14JL3 with PID 14592 (C:\ValueMomentum\Madhuri\microservices\department-service\target\classes started by SaiMadhuriKasam in C:\ValueMomentum\Madhuri\microservices\department-service)
11:29:10.773 INFO  org.springframework.boot.SpringApplication (restartedMain) [c.j.d.DepartmentServiceApplication] -- No active profile set, falling back to 1 default profile: "default"
11:29:11.027 INFO  org.springframework.data.repository.config.RepositoryConfigurationDelegate (restartedMain) [o.s.d.r.c.RepositoryConfigurationDelegate] -- Bootstrapping Spring Data JPA repositories in DEFAULT mode.
11:29:11.045 INFO  org.springframework.data.repository.config.RepositoryConfigurationDelegate (restartedMain) [o.s.d.r.c.RepositoryConfigurationDelegate] -- Finished Spring Data repository scanning in 17 ms. Found 1 JPA repository interfaces.
11:29:11.147 INFO  org.springframework.boot.web.embedded.tomcat.TomcatWebServer (restartedMain) [o.s.b.w.e.tomcat.TomcatWebServer] -- Tomcat initialized with port(s): 8080 (http)
11:29:11.148 INFO  org.apache.juli.logging.DirectJDKLog (restartedMain) [o.a.catalina.core.StandardService] -- Starting service [Tomcat]
11:29:11.148 INFO  org.apache.juli.logging.DirectJDKLog (restartedMain) [o.a.catalina.core.StandardEngine] -- Starting Servlet engine: [Apache Tomcat/9.0.64]
11:29:11.178 INFO  org.apache.juli.logging.DirectJDKLog (restartedMain) [o.a.c.c.C.[Tomcat].[localhost].[/]] -- Initializing Spring embedded WebApplicationContext
11:29:11.178 INFO  org.springframework.boot.web.servlet.context.ServletWebServerApplicationContext (restartedMain) [o.s.b.w.s.c.ServletWebServerApplicationContext] -- Root WebApplicationContext: initialization completed in 402 ms
11:29:11.191 INFO  com.zaxxer.hikari.HikariDataSource (restartedMain) [com.zaxxer.hikari.HikariDataSource] -- HikariPool-2 - Starting...
11:29:11.191 WARN  com.zaxxer.hikari.util.DriverDataSource (restartedMain) [c.z.hikari.util.DriverDataSource] -- Registered driver with driverClassName=com.mysql.jdbc.Driver was not found, trying direct instantiation.
11:29:11.210 INFO  com.zaxxer.hikari.HikariDataSource (restartedMain) [com.zaxxer.hikari.HikariDataSource] -- HikariPool-2 - Start completed.
11:29:11.210 INFO  org.springframework.boot.autoconfigure.h2.H2ConsoleAutoConfiguration (restartedMain) [o.s.b.a.h.H2ConsoleAutoConfiguration] -- H2 console available at '/h2-console'. Database available at 'jdbc:mysql://localhost:3306/javafsd'
11:29:11.236 INFO  org.hibernate.jpa.internal.util.LogHelper (restartedMain) [o.h.jpa.internal.util.LogHelper] -- HHH000204: Processing PersistenceUnitInfo [name: default]
11:29:11.242 INFO  org.hibernate.dialect.Dialect (restartedMain) [org.hibernate.dialect.Dialect] -- HHH000400: Using dialect: org.hibernate.dialect.MySQL8Dialect
11:29:11.281 INFO  org.hibernate.engine.transaction.jta.platform.internal.JtaPlatformInitiator (restartedMain) [o.h.e.t.j.p.i.JtaPlatformInitiator] -- HHH000490: Using JtaPlatform implementation: [org.hibernate.engine.transaction.jta.platform.internal.NoJtaPlatform]
11:29:11.283 INFO  org.springframework.orm.jpa.AbstractEntityManagerFactoryBean (restartedMain) [o.s.o.j.LocalContainerEntityManagerFactoryBean] -- Initialized JPA EntityManagerFactory for persistence unit 'default'
11:29:11.362 WARN  org.springframework.boot.autoconfigure.orm.jpa.JpaBaseConfiguration$JpaWebConfiguration (restartedMain) [o.s.b.a.o.j.JpaBaseConfiguration$JpaWebConfiguration] -- spring.jpa.open-in-view is enabled by default. Therefore, database queries may be performed during view rendering. Explicitly configure spring.jpa.open-in-view to disable this warning
11:29:11.470 INFO  org.springframework.boot.devtools.autoconfigure.OptionalLiveReloadServer (restartedMain) [o.s.b.d.a.OptionalLiveReloadServer] -- LiveReload server is running on port 35729
11:29:11.481 INFO  org.springframework.boot.web.embedded.tomcat.TomcatWebServer (restartedMain) [o.s.b.w.e.tomcat.TomcatWebServer] -- Tomcat started on port(s): 8080 (http) with context path ''
11:29:11.485 INFO  org.springframework.boot.StartupInfoLogger (restartedMain) [c.j.d.DepartmentServiceApplication] -- Started DepartmentServiceApplication in 0.764 seconds (JVM running for 539.329)
11:29:11.488 INFO  org.springframework.boot.devtools.autoconfigure.ConditionEvaluationDeltaLoggingListener (restartedMain) [o.s.b.d.a.ConditionEvaluationDeltaLoggingListener] -- Condition evaluation unchanged
