12:03:06.447 INFO  org.springframework.cloud.netflix.eureka.serviceregistry.EurekaServiceRegistry (Thread-19) [o.s.c.n.e.s.EurekaServiceRegistry] -- Unregistering application DEPARTMENT-SERVICE with eureka with status DOWN
12:03:06.451 INFO  com.netflix.discovery.DiscoveryClient$3 (Thread-19) [c.netflix.discovery.DiscoveryClient] -- Saw local status change event StatusChangeEvent [timestamp=1657693986451, current=DOWN, previous=UP]
12:03:06.451 INFO  com.netflix.discovery.DiscoveryClient (DiscoveryClient-InstanceInfoReplicator-0) [c.netflix.discovery.DiscoveryClient] -- DiscoveryClient_DEPARTMENT-SERVICE/VSP-G074JL3:DEPARTMENT-SERVICE:9092: registering service...
12:03:06.455 INFO  com.netflix.discovery.DiscoveryClient (DiscoveryClient-InstanceInfoReplicator-0) [c.netflix.discovery.DiscoveryClient] -- DiscoveryClient_DEPARTMENT-SERVICE/VSP-G074JL3:DEPARTMENT-SERVICE:9092 - registration status: 204
12:03:06.559 INFO  org.springframework.orm.jpa.AbstractEntityManagerFactoryBean (Thread-19) [o.s.o.j.LocalContainerEntityManagerFactoryBean] -- Closing JPA EntityManagerFactory for persistence unit 'default'
12:03:06.560 INFO  com.zaxxer.hikari.HikariDataSource (Thread-19) [com.zaxxer.hikari.HikariDataSource] -- HikariPool-4 - Shutdown initiated...
12:03:06.571 INFO  com.zaxxer.hikari.HikariDataSource (Thread-19) [com.zaxxer.hikari.HikariDataSource] -- HikariPool-4 - Shutdown completed.
12:03:06.571 INFO  com.netflix.discovery.DiscoveryClient (Thread-19) [c.netflix.discovery.DiscoveryClient] -- Shutting down DiscoveryClient ...
12:03:09.586 INFO  com.netflix.discovery.DiscoveryClient (Thread-19) [c.netflix.discovery.DiscoveryClient] -- Unregistering ...
12:03:09.603 INFO  com.netflix.discovery.DiscoveryClient (Thread-19) [c.netflix.discovery.DiscoveryClient] -- DiscoveryClient_DEPARTMENT-SERVICE/VSP-G074JL3:DEPARTMENT-SERVICE:9092 - deregister  status: 200
12:03:09.605 INFO  com.netflix.discovery.DiscoveryClient (Thread-19) [c.netflix.discovery.DiscoveryClient] -- Completed shut down of DiscoveryClient
12:03:09.873 INFO  org.springframework.boot.StartupInfoLogger (restartedMain) [c.j.d.DepartmentServiceApplication] -- Starting DepartmentServiceApplication using Java 11.0.8 on VSP-G074JL3 with PID 57968 (C:\Value momentum\Harshil\microservices\department-service\department-service\target\classes started by HarshilParlikar in C:\Value momentum\Harshil\microservices\department-service\department-service)
12:03:09.873 INFO  org.springframework.boot.SpringApplication (restartedMain) [c.j.d.DepartmentServiceApplication] -- The following 1 profile is active: "dev"
12:03:09.876 WARN  org.springframework.boot.logging.DeferredLog (restartedMain) [o.s.b.c.config.ConfigDataEnvironment] -- Property 'spring.profiles' imported from location 'class path resource [application.yml]' is invalid and should be replaced with 'spring.config.activate.on-profile' [origin: class path resource [application.yml] - 51:13]
12:03:09.876 WARN  org.springframework.boot.logging.DeferredLog (restartedMain) [o.s.b.c.config.ConfigDataEnvironment] -- Property 'spring.profiles' imported from location 'class path resource [application.yml]' is invalid and should be replaced with 'spring.config.activate.on-profile' [origin: class path resource [application.yml] - 37:13]
12:03:09.876 WARN  org.springframework.boot.logging.DeferredLog (restartedMain) [o.s.b.c.config.ConfigDataEnvironment] -- Property 'spring.profiles' imported from location 'class path resource [application.yml]' is invalid and should be replaced with 'spring.config.activate.on-profile' [origin: class path resource [application.yml] - 18:13]
12:03:10.152 INFO  org.springframework.data.repository.config.RepositoryConfigurationDelegate (restartedMain) [o.s.d.r.c.RepositoryConfigurationDelegate] -- Bootstrapping Spring Data JPA repositories in DEFAULT mode.
12:03:10.171 INFO  org.springframework.data.repository.config.RepositoryConfigurationDelegate (restartedMain) [o.s.d.r.c.RepositoryConfigurationDelegate] -- Finished Spring Data repository scanning in 18 ms. Found 1 JPA repository interfaces.
12:03:10.227 INFO  org.springframework.cloud.context.scope.GenericScope (restartedMain) [o.s.cloud.context.scope.GenericScope] -- BeanFactory id=2aa25014-d9f1-3dbb-9d3d-d84163fce836
12:03:10.292 INFO  org.springframework.boot.web.embedded.tomcat.TomcatWebServer (restartedMain) [o.s.b.w.e.tomcat.TomcatWebServer] -- Tomcat initialized with port(s): 9092 (http)
12:03:10.292 INFO  org.apache.juli.logging.DirectJDKLog (restartedMain) [o.a.catalina.core.StandardService] -- Starting service [Tomcat]
12:03:10.293 INFO  org.apache.juli.logging.DirectJDKLog (restartedMain) [o.a.catalina.core.StandardEngine] -- Starting Servlet engine: [Apache Tomcat/9.0.64]
12:03:10.340 INFO  org.apache.juli.logging.DirectJDKLog (restartedMain) [o.a.c.c.C.[Tomcat].[localhost].[/]] -- Initializing Spring embedded WebApplicationContext
12:03:10.340 INFO  org.springframework.boot.web.servlet.context.ServletWebServerApplicationContext (restartedMain) [o.s.b.w.s.c.ServletWebServerApplicationContext] -- Root WebApplicationContext: initialization completed in 464 ms
12:03:10.373 INFO  org.hibernate.jpa.internal.util.LogHelper (restartedMain) [o.h.jpa.internal.util.LogHelper] -- HHH000204: Processing PersistenceUnitInfo [name: default]
12:03:10.381 INFO  com.zaxxer.hikari.HikariDataSource (restartedMain) [com.zaxxer.hikari.HikariDataSource] -- HikariPool-5 - Starting...
