16:19:19.016 INFO  org.springframework.orm.jpa.AbstractEntityManagerFactoryBean (restartedMain) [o.s.o.j.LocalContainerEntityManagerFactoryBean] -- Initialized JPA EntityManagerFactory for persistence unit 'default'
16:19:19.090 WARN  org.springframework.boot.autoconfigure.orm.jpa.JpaBaseConfiguration$JpaWebConfiguration (restartedMain) [o.s.b.a.o.j.JpaBaseConfiguration$JpaWebConfiguration] -- spring.jpa.open-in-view is enabled by default. Therefore, database queries may be performed during view rendering. Explicitly configure spring.jpa.open-in-view to disable this warning
16:19:19.180 INFO  org.springframework.boot.devtools.autoconfigure.OptionalLiveReloadServer (restartedMain) [o.s.b.d.a.OptionalLiveReloadServer] -- LiveReload server is running on port 35729
16:19:19.189 INFO  org.springframework.boot.web.embedded.tomcat.TomcatWebServer (restartedMain) [o.s.b.w.e.tomcat.TomcatWebServer] -- Tomcat started on port(s): 9092 (http) with context path ''
16:19:19.193 INFO  org.springframework.boot.StartupInfoLogger (restartedMain) [c.j.d.DepartmentServiceApplication] -- Started DepartmentServiceApplication in 0.604 seconds (JVM running for 1527.088)
16:19:19.194 INFO  org.springframework.boot.devtools.autoconfigure.ConditionEvaluationDeltaLoggingListener (restartedMain) [o.s.b.d.a.ConditionEvaluationDeltaLoggingListener] -- Condition evaluation unchanged
16:20:31.928 INFO  org.apache.juli.logging.DirectJDKLog (http-nio-9092-exec-1) [o.a.c.c.C.[Tomcat].[localhost].[/]] -- Initializing Spring DispatcherServlet 'dispatcherServlet'
16:20:31.929 INFO  org.springframework.web.servlet.FrameworkServlet (http-nio-9092-exec-1) [o.s.web.servlet.DispatcherServlet] -- Initializing Servlet 'dispatcherServlet'
16:20:31.930 INFO  org.springframework.web.servlet.FrameworkServlet (http-nio-9092-exec-1) [o.s.web.servlet.DispatcherServlet] -- Completed initialization in 1 ms
16:20:31.969 INFO  com.javafsd.departmentservice.service.DepartmentServiceImpl (http-nio-9092-exec-1) [c.j.d.service.DepartmentServiceImpl] -- Department Address updates successfully
16:20:31.969 INFO  com.javafsd.departmentservice.service.DepartmentServiceImpl (http-nio-9092-exec-1) [c.j.d.service.DepartmentServiceImpl] -- Department Code updates successfully
16:20:35.548 INFO  com.javafsd.departmentservice.controller.DepartmentController (http-nio-9092-exec-2) [c.j.d.c.DepartmentController] -- Inside fetchDepartmentById method
16:20:35.553 INFO  com.javafsd.departmentservice.controller.DepartmentController (http-nio-9092-exec-2) [c.j.d.c.DepartmentController] -- Inside fetchDepartmentById method, Response : Department [departmentId=1, departmentName=Admin, departmentAddress=Agra, departmentCode=Admin007]
16:21:30.670 INFO  org.springframework.orm.jpa.AbstractEntityManagerFactoryBean (Thread-11) [o.s.o.j.LocalContainerEntityManagerFactoryBean] -- Closing JPA EntityManagerFactory for persistence unit 'default'
16:21:30.670 INFO  com.zaxxer.hikari.HikariDataSource (Thread-11) [com.zaxxer.hikari.HikariDataSource] -- HikariPool-3 - Shutdown initiated...
16:21:30.677 INFO  com.zaxxer.hikari.HikariDataSource (Thread-11) [com.zaxxer.hikari.HikariDataSource] -- HikariPool-3 - Shutdown completed.
16:21:30.748 INFO  org.springframework.boot.StartupInfoLogger (restartedMain) [c.j.d.DepartmentServiceApplication] -- Starting DepartmentServiceApplication using Java 11.0.8 on VSP-H633JL3 with PID 15768 (C:\ValueMomentum\SaiDheerajHazare\microservices\department-service\department-service\target\classes started by SaiDheerajHazare in C:\ValueMomentum\SaiDheerajHazare\microservices\department-service\department-service)
16:21:30.748 INFO  org.springframework.boot.SpringApplication (restartedMain) [c.j.d.DepartmentServiceApplication] -- No active profile set, falling back to 1 default profile: "default"
16:21:30.928 INFO  org.springframework.data.repository.config.RepositoryConfigurationDelegate (restartedMain) [o.s.d.r.c.RepositoryConfigurationDelegate] -- Bootstrapping Spring Data JPA repositories in DEFAULT mode.
16:21:30.948 INFO  org.springframework.data.repository.config.RepositoryConfigurationDelegate (restartedMain) [o.s.d.r.c.RepositoryConfigurationDelegate] -- Finished Spring Data repository scanning in 19 ms. Found 1 JPA repository interfaces.
16:21:31.047 INFO  org.springframework.boot.web.embedded.tomcat.TomcatWebServer (restartedMain) [o.s.b.w.e.tomcat.TomcatWebServer] -- Tomcat initialized with port(s): 9092 (http)
16:21:31.048 INFO  org.apache.juli.logging.DirectJDKLog (restartedMain) [o.a.catalina.core.StandardService] -- Starting service [Tomcat]
16:21:31.048 INFO  org.apache.juli.logging.DirectJDKLog (restartedMain) [o.a.catalina.core.StandardEngine] -- Starting Servlet engine: [Apache Tomcat/9.0.64]
16:21:31.074 INFO  org.apache.juli.logging.DirectJDKLog (restartedMain) [o.a.c.c.C.[Tomcat].[localhost].[/]] -- Initializing Spring embedded WebApplicationContext
16:21:31.074 INFO  org.springframework.boot.web.servlet.context.ServletWebServerApplicationContext (restartedMain) [o.s.b.w.s.c.ServletWebServerApplicationContext] -- Root WebApplicationContext: initialization completed in 324 ms
16:21:31.101 INFO  org.hibernate.jpa.internal.util.LogHelper (restartedMain) [o.h.jpa.internal.util.LogHelper] -- HHH000204: Processing PersistenceUnitInfo [name: default]
16:21:31.107 INFO  com.zaxxer.hikari.HikariDataSource (restartedMain) [com.zaxxer.hikari.HikariDataSource] -- HikariPool-4 - Starting...
16:21:31.107 WARN  com.zaxxer.hikari.util.DriverDataSource (restartedMain) [c.z.hikari.util.DriverDataSource] -- Registered driver with driverClassName=com.mysql.jdbc.Driver was not found, trying direct instantiation.
16:21:31.123 INFO  com.zaxxer.hikari.HikariDataSource (restartedMain) [com.zaxxer.hikari.HikariDataSource] -- HikariPool-4 - Start completed.
16:21:31.124 INFO  org.hibernate.dialect.Dialect (restartedMain) [org.hibernate.dialect.Dialect] -- HHH000400: Using dialect: org.hibernate.dialect.MySQL8Dialect
16:21:31.164 INFO  org.hibernate.engine.transaction.jta.platform.internal.JtaPlatformInitiator (restartedMain) [o.h.e.t.j.p.i.JtaPlatformInitiator] -- HHH000490: Using JtaPlatform implementation: [org.hibernate.engine.transaction.jta.platform.internal.NoJtaPlatform]
