12:00:40.523 INFO  com.netflix.discovery.shared.resolver.aws.ConfigClusterResolver (restartedMain) [c.n.d.s.r.aws.ConfigClusterResolver] -- Resolving eureka endpoints via configuration
12:00:40.556 INFO  com.netflix.discovery.DiscoveryClient (restartedMain) [c.netflix.discovery.DiscoveryClient] -- Disable delta property : false
12:00:40.556 INFO  com.netflix.discovery.DiscoveryClient (restartedMain) [c.netflix.discovery.DiscoveryClient] -- Single vip registry refresh property : null
12:00:40.556 INFO  com.netflix.discovery.DiscoveryClient (restartedMain) [c.netflix.discovery.DiscoveryClient] -- Force full registry fetch : false
12:00:40.556 INFO  com.netflix.discovery.DiscoveryClient (restartedMain) [c.netflix.discovery.DiscoveryClient] -- Application is null : false
12:00:40.557 INFO  com.netflix.discovery.DiscoveryClient (restartedMain) [c.netflix.discovery.DiscoveryClient] -- Registered Applications size is zero : true
12:00:40.557 INFO  com.netflix.discovery.DiscoveryClient (restartedMain) [c.netflix.discovery.DiscoveryClient] -- Application version is -1: true
12:00:40.557 INFO  com.netflix.discovery.DiscoveryClient (restartedMain) [c.netflix.discovery.DiscoveryClient] -- Getting all instance registry info from the eureka server
12:00:40.899 INFO  com.netflix.discovery.DiscoveryClient (restartedMain) [c.netflix.discovery.DiscoveryClient] -- The response status is 200
12:00:40.904 INFO  com.netflix.discovery.DiscoveryClient (restartedMain) [c.netflix.discovery.DiscoveryClient] -- Starting heartbeat executor: renew interval is: 30
12:00:40.907 INFO  com.netflix.discovery.InstanceInfoReplicator (restartedMain) [c.n.discovery.InstanceInfoReplicator] -- InstanceInfoReplicator onDemand update allowed rate per min is 4
12:00:40.913 INFO  com.netflix.discovery.DiscoveryClient (restartedMain) [c.netflix.discovery.DiscoveryClient] -- Discovery Client initialized at timestamp 1657866640912 with initial instances count: 3
12:00:40.916 INFO  org.springframework.cloud.netflix.eureka.serviceregistry.EurekaServiceRegistry (restartedMain) [o.s.c.n.e.s.EurekaServiceRegistry] -- Registering application DEPARTMENT-SERVICE with eureka with status UP
12:00:40.917 INFO  com.netflix.discovery.DiscoveryClient$3 (restartedMain) [c.netflix.discovery.DiscoveryClient] -- Saw local status change event StatusChangeEvent [timestamp=1657866640917, current=UP, previous=STARTING]
12:00:40.919 INFO  com.netflix.discovery.DiscoveryClient (DiscoveryClient-InstanceInfoReplicator-0) [c.netflix.discovery.DiscoveryClient] -- DiscoveryClient_DEPARTMENT-SERVICE/VSP-2633JL3:DEPARTMENT-SERVICE: registering service...
12:00:40.950 INFO  org.springframework.boot.web.embedded.tomcat.TomcatWebServer (restartedMain) [o.s.b.w.e.tomcat.TomcatWebServer] -- Tomcat started on port(s): 8080 (http) with context path ''
12:00:40.951 INFO  org.springframework.cloud.netflix.eureka.serviceregistry.EurekaAutoServiceRegistration (restartedMain) [o.s.c.n.e.s.EurekaAutoServiceRegistration] -- Updating port to 8080
12:00:40.972 INFO  com.netflix.discovery.DiscoveryClient (DiscoveryClient-InstanceInfoReplicator-0) [c.netflix.discovery.DiscoveryClient] -- DiscoveryClient_DEPARTMENT-SERVICE/VSP-2633JL3:DEPARTMENT-SERVICE - registration status: 204
12:00:41.162 INFO  org.springframework.boot.StartupInfoLogger (restartedMain) [c.j.d.DepartmentServiceApplication] -- Started DepartmentServiceApplication in 7.704 seconds (JVM running for 8.538)
12:05:14.824 INFO  org.apache.juli.logging.DirectJDKLog (http-nio-8080-exec-1) [o.a.c.c.C.[Tomcat].[localhost].[/]] -- Initializing Spring DispatcherServlet 'dispatcherServlet'
12:05:14.824 INFO  org.springframework.web.servlet.FrameworkServlet (http-nio-8080-exec-1) [o.s.web.servlet.DispatcherServlet] -- Initializing Servlet 'dispatcherServlet'
12:05:14.826 INFO  org.springframework.web.servlet.FrameworkServlet (http-nio-8080-exec-1) [o.s.web.servlet.DispatcherServlet] -- Completed initialization in 1 ms
12:05:14.880 INFO  com.javafsd.departmentservice.controller.DepartmentController (http-nio-8080-exec-1) [c.j.d.c.DepartmentController] -- Inside fetchDepartmentById method
12:05:14.939 INFO  com.javafsd.departmentservice.controller.DepartmentController (http-nio-8080-exec-1) [c.j.d.c.DepartmentController] -- Inside fetchDepartmentById method, Response : com.javafsd.departmentservice.entity.Department@2852bdfd
12:05:40.566 INFO  com.netflix.discovery.shared.resolver.aws.ConfigClusterResolver (AsyncResolver-bootstrap-executor-0) [c.n.d.s.r.aws.ConfigClusterResolver] -- Resolving eureka endpoints via configuration
12:09:00.946 INFO  com.javafsd.departmentservice.controller.DepartmentController (http-nio-8080-exec-3) [c.j.d.c.DepartmentController] -- Inside fetchDepartmentById method
12:09:00.952 INFO  com.javafsd.departmentservice.controller.DepartmentController (http-nio-8080-exec-3) [c.j.d.c.DepartmentController] -- Inside fetchDepartmentById method, Response : com.javafsd.departmentservice.entity.Department@64b52c21
12:10:40.574 INFO  com.netflix.discovery.shared.resolver.aws.ConfigClusterResolver (AsyncResolver-bootstrap-executor-0) [c.n.d.s.r.aws.ConfigClusterResolver] -- Resolving eureka endpoints via configuration
