16:53:52.998 INFO  com.netflix.discovery.DiscoveryClient (restartedMain) [c.netflix.discovery.DiscoveryClient] -- Registered Applications size is zero : true
16:53:53.004 INFO  com.netflix.discovery.DiscoveryClient (restartedMain) [c.netflix.discovery.DiscoveryClient] -- Application version is -1: true
16:53:53.004 INFO  com.netflix.discovery.DiscoveryClient (restartedMain) [c.netflix.discovery.DiscoveryClient] -- Getting all instance registry info from the eureka server
16:53:53.342 INFO  com.netflix.discovery.DiscoveryClient (restartedMain) [c.netflix.discovery.DiscoveryClient] -- The response status is 200
16:53:53.346 INFO  com.netflix.discovery.DiscoveryClient (restartedMain) [c.netflix.discovery.DiscoveryClient] -- Starting heartbeat executor: renew interval is: 30
16:53:53.350 INFO  com.netflix.discovery.InstanceInfoReplicator (restartedMain) [c.n.discovery.InstanceInfoReplicator] -- InstanceInfoReplicator onDemand update allowed rate per min is 4
16:53:53.358 INFO  com.netflix.discovery.DiscoveryClient (restartedMain) [c.netflix.discovery.DiscoveryClient] -- Discovery Client initialized at timestamp 1657625033356 with initial instances count: 1
16:53:53.360 INFO  org.springframework.cloud.netflix.eureka.serviceregistry.EurekaServiceRegistry (restartedMain) [o.s.c.n.e.s.EurekaServiceRegistry] -- Registering application DEPARTMENT-SERVICE with eureka with status UP
16:53:53.361 INFO  com.netflix.discovery.DiscoveryClient$3 (restartedMain) [c.netflix.discovery.DiscoveryClient] -- Saw local status change event StatusChangeEvent [timestamp=1657625033361, current=UP, previous=STARTING]
16:53:53.364 INFO  com.netflix.discovery.DiscoveryClient (DiscoveryClient-InstanceInfoReplicator-0) [c.netflix.discovery.DiscoveryClient] -- DiscoveryClient_DEPARTMENT-SERVICE/VSP-6C14JL3:DEPARTMENT-SERVICE:9092: registering service...
16:53:53.392 INFO  org.springframework.boot.web.embedded.tomcat.TomcatWebServer (restartedMain) [o.s.b.w.e.tomcat.TomcatWebServer] -- Tomcat started on port(s): 9092 (http) with context path ''
16:53:53.393 INFO  org.springframework.cloud.netflix.eureka.serviceregistry.EurekaAutoServiceRegistration (restartedMain) [o.s.c.n.e.s.EurekaAutoServiceRegistration] -- Updating port to 9092
16:53:53.421 INFO  com.netflix.discovery.DiscoveryClient (DiscoveryClient-InstanceInfoReplicator-0) [c.netflix.discovery.DiscoveryClient] -- DiscoveryClient_DEPARTMENT-SERVICE/VSP-6C14JL3:DEPARTMENT-SERVICE:9092 - registration status: 204
16:53:53.577 INFO  org.springframework.boot.StartupInfoLogger (restartedMain) [c.j.d.DepartmentServiceApplication] -- Started DepartmentServiceApplication in 7.148 seconds (JVM running for 8.02)
16:54:45.658 INFO  org.apache.juli.logging.DirectJDKLog (http-nio-9092-exec-1) [o.a.c.c.C.[Tomcat].[localhost].[/]] -- Initializing Spring DispatcherServlet 'dispatcherServlet'
16:54:45.658 INFO  org.springframework.web.servlet.FrameworkServlet (http-nio-9092-exec-1) [o.s.web.servlet.DispatcherServlet] -- Initializing Servlet 'dispatcherServlet'
16:54:45.660 INFO  org.springframework.web.servlet.FrameworkServlet (http-nio-9092-exec-1) [o.s.web.servlet.DispatcherServlet] -- Completed initialization in 1 ms
16:54:45.697 INFO  com.javafsd.departmentservice.controller.DepartmentController (http-nio-9092-exec-1) [c.j.d.c.DepartmentController] -- Inside fetchDepartmentById method
16:54:45.757 INFO  com.javafsd.departmentservice.controller.DepartmentController (http-nio-9092-exec-1) [c.j.d.c.DepartmentController] -- Inside fetchDepartmentById method, Response : Department [departmentId=2, departmentName=accounts, departmentAddress=mumbai, departmentCode=Vam1234]
16:55:08.701 INFO  com.javafsd.departmentservice.controller.DepartmentController (http-nio-9092-exec-2) [c.j.d.c.DepartmentController] -- Inside fetchDepartmentById method
16:55:08.707 INFO  com.javafsd.departmentservice.controller.DepartmentController (http-nio-9092-exec-2) [c.j.d.c.DepartmentController] -- Inside fetchDepartmentById method, Response : Department [departmentId=1, departmentName=nani, departmentAddress=secundrabad, departmentCode=ro12]
16:58:53.015 INFO  com.netflix.discovery.shared.resolver.aws.ConfigClusterResolver (AsyncResolver-bootstrap-executor-0) [c.n.d.s.r.aws.ConfigClusterResolver] -- Resolving eureka endpoints via configuration
17:03:53.029 INFO  com.netflix.discovery.shared.resolver.aws.ConfigClusterResolver (AsyncResolver-bootstrap-executor-0) [c.n.d.s.r.aws.ConfigClusterResolver] -- Resolving eureka endpoints via configuration
17:08:53.044 INFO  com.netflix.discovery.shared.resolver.aws.ConfigClusterResolver (AsyncResolver-bootstrap-executor-0) [c.n.d.s.r.aws.ConfigClusterResolver] -- Resolving eureka endpoints via configuration
17:13:53.047 INFO  com.netflix.discovery.shared.resolver.aws.ConfigClusterResolver (AsyncResolver-bootstrap-executor-0) [c.n.d.s.r.aws.ConfigClusterResolver] -- Resolving eureka endpoints via configuration
17:18:53.052 INFO  com.netflix.discovery.shared.resolver.aws.ConfigClusterResolver (AsyncResolver-bootstrap-executor-0) [c.n.d.s.r.aws.ConfigClusterResolver] -- Resolving eureka endpoints via configuration
