13:08:47.404 INFO  org.springframework.data.repository.config.RepositoryConfigurationDelegate (restartedMain) [o.s.d.r.c.RepositoryConfigurationDelegate] -- Bootstrapping Spring Data JPA repositories in DEFAULT mode.
13:08:47.520 INFO  org.springframework.data.repository.config.RepositoryConfigurationDelegate (restartedMain) [o.s.d.r.c.RepositoryConfigurationDelegate] -- Finished Spring Data repository scanning in 89 ms. Found 1 JPA repository interfaces.
13:08:48.439 INFO  org.springframework.boot.web.embedded.tomcat.TomcatWebServer (restartedMain) [o.s.b.w.e.tomcat.TomcatWebServer] -- Tomcat initialized with port(s): 9093 (http)
13:08:48.451 INFO  org.apache.juli.logging.DirectJDKLog (restartedMain) [o.a.catalina.core.StandardService] -- Starting service [Tomcat]
13:08:48.452 INFO  org.apache.juli.logging.DirectJDKLog (restartedMain) [o.a.catalina.core.StandardEngine] -- Starting Servlet engine: [Apache Tomcat/9.0.64]
13:08:48.623 INFO  org.apache.juli.logging.DirectJDKLog (restartedMain) [o.a.c.c.C.[Tomcat].[localhost].[/]] -- Initializing Spring embedded WebApplicationContext
13:08:48.624 INFO  org.springframework.boot.web.servlet.context.ServletWebServerApplicationContext (restartedMain) [o.s.b.w.s.c.ServletWebServerApplicationContext] -- Root WebApplicationContext: initialization completed in 2419 ms
13:08:49.000 INFO  org.hibernate.jpa.internal.util.LogHelper (restartedMain) [o.h.jpa.internal.util.LogHelper] -- HHH000204: Processing PersistenceUnitInfo [name: default]
13:08:49.072 INFO  org.hibernate.Version (restartedMain) [org.hibernate.Version] -- HHH000412: Hibernate ORM core version 5.6.9.Final
13:08:49.264 INFO  org.hibernate.annotations.common.reflection.java.JavaReflectionManager (restartedMain) [o.h.annotations.common.Version] -- HCANN000001: Hibernate Commons Annotations {5.1.2.Final}
13:08:49.400 INFO  com.zaxxer.hikari.HikariDataSource (restartedMain) [com.zaxxer.hikari.HikariDataSource] -- HikariPool-1 - Starting...
13:08:49.411 WARN  com.zaxxer.hikari.util.DriverDataSource (restartedMain) [c.z.hikari.util.DriverDataSource] -- Registered driver with driverClassName=com.mysql.jdbc.Driver was not found, trying direct instantiation.
13:08:49.773 INFO  com.zaxxer.hikari.HikariDataSource (restartedMain) [com.zaxxer.hikari.HikariDataSource] -- HikariPool-1 - Start completed.
13:08:49.813 INFO  org.hibernate.dialect.Dialect (restartedMain) [org.hibernate.dialect.Dialect] -- HHH000400: Using dialect: org.hibernate.dialect.MySQL8Dialect
13:08:50.589 INFO  org.hibernate.engine.transaction.jta.platform.internal.JtaPlatformInitiator (restartedMain) [o.h.e.t.j.p.i.JtaPlatformInitiator] -- HHH000490: Using JtaPlatform implementation: [org.hibernate.engine.transaction.jta.platform.internal.NoJtaPlatform]
13:08:50.600 INFO  org.springframework.orm.jpa.AbstractEntityManagerFactoryBean (restartedMain) [o.s.o.j.LocalContainerEntityManagerFactoryBean] -- Initialized JPA EntityManagerFactory for persistence unit 'default'
13:08:51.059 WARN  org.springframework.boot.autoconfigure.orm.jpa.JpaBaseConfiguration$JpaWebConfiguration (restartedMain) [o.s.b.a.o.j.JpaBaseConfiguration$JpaWebConfiguration] -- spring.jpa.open-in-view is enabled by default. Therefore, database queries may be performed during view rendering. Explicitly configure spring.jpa.open-in-view to disable this warning
13:08:51.647 INFO  org.springframework.boot.devtools.autoconfigure.OptionalLiveReloadServer (restartedMain) [o.s.b.d.a.OptionalLiveReloadServer] -- LiveReload server is running on port 35729
13:08:51.653 INFO  org.springframework.boot.actuate.endpoint.web.EndpointLinksResolver (restartedMain) [o.s.b.a.e.web.EndpointLinksResolver] -- Exposing 13 endpoint(s) beneath base path '/actuator'
13:08:51.720 INFO  org.springframework.boot.web.embedded.tomcat.TomcatWebServer (restartedMain) [o.s.b.w.e.tomcat.TomcatWebServer] -- Tomcat started on port(s): 9093 (http) with context path ''
13:08:51.737 INFO  org.springframework.boot.StartupInfoLogger (restartedMain) [c.j.d.DepartmenServiceApplication] -- Started DepartmenServiceApplication in 6.172 seconds (JVM running for 7.094)
13:09:00.016 INFO  org.apache.juli.logging.DirectJDKLog (http-nio-9093-exec-1) [o.a.c.c.C.[Tomcat].[localhost].[/]] -- Initializing Spring DispatcherServlet 'dispatcherServlet'
13:09:00.018 INFO  org.springframework.web.servlet.FrameworkServlet (http-nio-9093-exec-1) [o.s.web.servlet.DispatcherServlet] -- Initializing Servlet 'dispatcherServlet'
13:09:00.022 INFO  org.springframework.web.servlet.FrameworkServlet (http-nio-9093-exec-1) [o.s.web.servlet.DispatcherServlet] -- Completed initialization in 3 ms
13:09:27.372 INFO  org.springframework.orm.jpa.AbstractEntityManagerFactoryBean (Thread-5) [o.s.o.j.LocalContainerEntityManagerFactoryBean] -- Closing JPA EntityManagerFactory for persistence unit 'default'
13:09:27.378 INFO  com.zaxxer.hikari.HikariDataSource (Thread-5) [com.zaxxer.hikari.HikariDataSource] -- HikariPool-1 - Shutdown initiated...
13:09:27.395 INFO  com.zaxxer.hikari.HikariDataSource (Thread-5) [com.zaxxer.hikari.HikariDataSource] -- HikariPool-1 - Shutdown completed.
13:09:27.519 INFO  org.springframework.boot.StartupInfoLogger (restartedMain) [c.j.d.DepartmenServiceApplication] -- Starting DepartmenServiceApplication using Java 11.0.8 on VSP-5733JL3 with PID 33212 (C:\value momentum\Prudhvi\microservics\departmen-service\departmen-service\target\classes started by PrudhviGopiChandMaha in C:\value momentum\Prudhvi\microservics\departmen-service\departmen-service)
13:09:27.519 INFO  org.springframework.boot.SpringApplication (restartedMain) [c.j.d.DepartmenServiceApplication] -- The following 1 profile is active: "qa"
13:09:27.523 WARN  org.springframework.boot.logging.DeferredLog (restartedMain) [o.s.b.c.config.ConfigDataEnvironment] -- Property 'spring.profiles' imported from location 'class path resource [application.yml]' is invalid and should be replaced with 'spring.config.activate.on-profile' [origin: class path resource [application.yml] - 60:13]
13:09:27.523 WARN  org.springframework.boot.logging.DeferredLog (restartedMain) [o.s.b.c.config.ConfigDataEnvironment] -- Property 'spring.profiles' imported from location 'class path resource [application.yml]' is invalid and should be replaced with 'spring.config.activate.on-profile' [origin: class path resource [application.yml] - 45:13]
13:09:27.523 WARN  org.springframework.boot.logging.DeferredLog (restartedMain) [o.s.b.c.config.ConfigDataEnvironment] -- Property 'spring.profiles' imported from location 'class path resource [application.yml]' is invalid and should be replaced with 'spring.config.activate.on-profile' [origin: class path resource [application.yml] - 31:13]
13:09:27.953 INFO  org.springframework.data.repository.config.RepositoryConfigurationDelegate (restartedMain) [o.s.d.r.c.RepositoryConfigurationDelegate] -- Bootstrapping Spring Data JPA repositories in DEFAULT mode.
13:09:27.975 INFO  org.springframework.data.repository.config.RepositoryConfigurationDelegate (restartedMain) [o.s.d.r.c.RepositoryConfigurationDelegate] -- Finished Spring Data repository scanning in 21 ms. Found 1 JPA repository interfaces.
13:09:28.088 INFO  org.springframework.boot.web.embedded.tomcat.TomcatWebServer (restartedMain) [o.s.b.w.e.tomcat.TomcatWebServer] -- Tomcat initialized with port(s): 9093 (http)
13:09:28.088 INFO  org.apache.juli.logging.DirectJDKLog (restartedMain) [o.a.catalina.core.StandardService] -- Starting service [Tomcat]
13:09:28.089 INFO  org.apache.juli.logging.DirectJDKLog (restartedMain) [o.a.catalina.core.StandardEngine] -- Starting Servlet engine: [Apache Tomcat/9.0.64]
13:09:28.116 INFO  org.apache.juli.logging.DirectJDKLog (restartedMain) [o.a.c.c.C.[Tomcat].[localhost].[/]] -- Initializing Spring embedded WebApplicationContext
13:09:28.117 INFO  org.springframework.boot.web.servlet.context.ServletWebServerApplicationContext (restartedMain) [o.s.b.w.s.c.ServletWebServerApplicationContext] -- Root WebApplicationContext: initialization completed in 594 ms
13:09:28.191 INFO  org.hibernate.jpa.internal.util.LogHelper (restartedMain) [o.h.jpa.internal.util.LogHelper] -- HHH000204: Processing PersistenceUnitInfo [name: default]
13:09:28.197 INFO  com.zaxxer.hikari.HikariDataSource (restartedMain) [com.zaxxer.hikari.HikariDataSource] -- HikariPool-2 - Starting...
13:09:28.198 WARN  com.zaxxer.hikari.util.DriverDataSource (restartedMain) [c.z.hikari.util.DriverDataSource] -- Registered driver with driverClassName=com.mysql.jdbc.Driver was not found, trying direct instantiation.
