11:12:12.743 INFO  com.netflix.discovery.DiscoveryClient (restartedMain) [c.netflix.discovery.DiscoveryClient] -- Getting all instance registry info from the eureka server
11:12:13.173 INFO  com.netflix.discovery.DiscoveryClient (restartedMain) [c.netflix.discovery.DiscoveryClient] -- The response status is 200
11:12:13.176 INFO  com.netflix.discovery.DiscoveryClient (restartedMain) [c.netflix.discovery.DiscoveryClient] -- Starting heartbeat executor: renew interval is: 30
11:12:13.181 INFO  com.netflix.discovery.InstanceInfoReplicator (restartedMain) [c.n.discovery.InstanceInfoReplicator] -- InstanceInfoReplicator onDemand update allowed rate per min is 4
11:12:13.187 INFO  com.netflix.discovery.DiscoveryClient (restartedMain) [c.netflix.discovery.DiscoveryClient] -- Discovery Client initialized at timestamp 1657690933186 with initial instances count: 0
11:12:13.191 INFO  org.springframework.cloud.netflix.eureka.serviceregistry.EurekaServiceRegistry (restartedMain) [o.s.c.n.e.s.EurekaServiceRegistry] -- Registering application DEPARTMENT-SERVICE with eureka with status UP
11:12:13.194 INFO  com.netflix.discovery.DiscoveryClient$3 (restartedMain) [c.netflix.discovery.DiscoveryClient] -- Saw local status change event StatusChangeEvent [timestamp=1657690933194, current=UP, previous=STARTING]
11:12:13.199 INFO  com.netflix.discovery.DiscoveryClient (DiscoveryClient-InstanceInfoReplicator-0) [c.netflix.discovery.DiscoveryClient] -- DiscoveryClient_DEPARTMENT-SERVICE/VSP-5733JL3:DEPARTMENT-SERVICE:9093: registering service...
11:12:13.270 INFO  org.springframework.boot.web.embedded.tomcat.TomcatWebServer (restartedMain) [o.s.b.w.e.tomcat.TomcatWebServer] -- Tomcat started on port(s): 9093 (http) with context path ''
11:12:13.271 INFO  com.netflix.discovery.DiscoveryClient (DiscoveryClient-InstanceInfoReplicator-0) [c.netflix.discovery.DiscoveryClient] -- DiscoveryClient_DEPARTMENT-SERVICE/VSP-5733JL3:DEPARTMENT-SERVICE:9093 - registration status: 204
11:12:13.272 INFO  org.springframework.cloud.netflix.eureka.serviceregistry.EurekaAutoServiceRegistration (restartedMain) [o.s.c.n.e.s.EurekaAutoServiceRegistration] -- Updating port to 9093
11:12:13.521 INFO  org.springframework.boot.StartupInfoLogger (restartedMain) [c.j.d.DepartmenServiceApplication] -- Started DepartmenServiceApplication in 9.316 seconds (JVM running for 10.397)
11:12:43.187 INFO  com.netflix.discovery.DiscoveryClient (DiscoveryClient-CacheRefreshExecutor-0) [c.netflix.discovery.DiscoveryClient] -- Disable delta property : false
11:12:43.188 INFO  com.netflix.discovery.DiscoveryClient (DiscoveryClient-CacheRefreshExecutor-0) [c.netflix.discovery.DiscoveryClient] -- Single vip registry refresh property : null
11:12:43.188 INFO  com.netflix.discovery.DiscoveryClient (DiscoveryClient-CacheRefreshExecutor-0) [c.netflix.discovery.DiscoveryClient] -- Force full registry fetch : false
11:12:43.188 INFO  com.netflix.discovery.DiscoveryClient (DiscoveryClient-CacheRefreshExecutor-0) [c.netflix.discovery.DiscoveryClient] -- Application is null : false
11:12:43.188 INFO  com.netflix.discovery.DiscoveryClient (DiscoveryClient-CacheRefreshExecutor-0) [c.netflix.discovery.DiscoveryClient] -- Registered Applications size is zero : true
11:12:43.188 INFO  com.netflix.discovery.DiscoveryClient (DiscoveryClient-CacheRefreshExecutor-0) [c.netflix.discovery.DiscoveryClient] -- Application version is -1: false
11:12:43.189 INFO  com.netflix.discovery.DiscoveryClient (DiscoveryClient-CacheRefreshExecutor-0) [c.netflix.discovery.DiscoveryClient] -- Getting all instance registry info from the eureka server
11:12:43.219 INFO  com.netflix.discovery.DiscoveryClient (DiscoveryClient-CacheRefreshExecutor-0) [c.netflix.discovery.DiscoveryClient] -- The response status is 200
11:17:40.798 INFO  org.springframework.boot.StartupInfoLogger (restartedMain) [c.j.d.DepartmenServiceApplication] -- Starting DepartmenServiceApplication using Java 11.0.8 on VSP-5733JL3 with PID 14800 (C:\value momentum\Prudhvi\microservics\departmen-service\departmen-service\target\classes started by PrudhviGopiChandMaha in C:\value momentum\Prudhvi\microservics\departmen-service\departmen-service)
11:17:40.801 INFO  org.springframework.boot.SpringApplication (restartedMain) [c.j.d.DepartmenServiceApplication] -- The following 1 profile is active: "qa"
11:17:40.859 WARN  org.springframework.boot.logging.DeferredLog (restartedMain) [o.s.b.c.config.ConfigDataEnvironment] -- Property 'spring.profiles' imported from location 'class path resource [application.yml]' is invalid and should be replaced with 'spring.config.activate.on-profile' [origin: class path resource [application.yml] - 62:13]
11:17:40.859 WARN  org.springframework.boot.logging.DeferredLog (restartedMain) [o.s.b.c.config.ConfigDataEnvironment] -- Property 'spring.profiles' imported from location 'class path resource [application.yml]' is invalid and should be replaced with 'spring.config.activate.on-profile' [origin: class path resource [application.yml] - 47:13]
11:17:40.859 WARN  org.springframework.boot.logging.DeferredLog (restartedMain) [o.s.b.c.config.ConfigDataEnvironment] -- Property 'spring.profiles' imported from location 'class path resource [application.yml]' is invalid and should be replaced with 'spring.config.activate.on-profile' [origin: class path resource [application.yml] - 33:13]
11:17:40.862 INFO  org.springframework.boot.logging.DeferredLog (restartedMain) [o.s.b.d.e.DevToolsPropertyDefaultsPostProcessor] -- Devtools property defaults active! Set 'spring.devtools.add-properties' to 'false' to disable
11:17:40.862 INFO  org.springframework.boot.logging.DeferredLog (restartedMain) [o.s.b.d.e.DevToolsPropertyDefaultsPostProcessor] -- For additional web related logging consider setting the 'logging.level.web' property to 'DEBUG'
