17:48:39.905 INFO  com.netflix.discovery.shared.resolver.aws.ConfigClusterResolver (AsyncResolver-bootstrap-executor-0) [c.n.d.s.r.aws.ConfigClusterResolver] -- Resolving eureka endpoints via configuration
17:53:39.921 INFO  com.netflix.discovery.shared.resolver.aws.ConfigClusterResolver (AsyncResolver-bootstrap-executor-0) [c.n.d.s.r.aws.ConfigClusterResolver] -- Resolving eureka endpoints via configuration
17:58:39.924 INFO  com.netflix.discovery.shared.resolver.aws.ConfigClusterResolver (AsyncResolver-bootstrap-executor-0) [c.n.d.s.r.aws.ConfigClusterResolver] -- Resolving eureka endpoints via configuration
18:03:39.933 INFO  com.netflix.discovery.shared.resolver.aws.ConfigClusterResolver (AsyncResolver-bootstrap-executor-0) [c.n.d.s.r.aws.ConfigClusterResolver] -- Resolving eureka endpoints via configuration
18:08:39.941 INFO  com.netflix.discovery.shared.resolver.aws.ConfigClusterResolver (AsyncResolver-bootstrap-executor-0) [c.n.d.s.r.aws.ConfigClusterResolver] -- Resolving eureka endpoints via configuration
18:13:39.956 INFO  com.netflix.discovery.shared.resolver.aws.ConfigClusterResolver (AsyncResolver-bootstrap-executor-0) [c.n.d.s.r.aws.ConfigClusterResolver] -- Resolving eureka endpoints via configuration
18:18:39.962 INFO  com.netflix.discovery.shared.resolver.aws.ConfigClusterResolver (AsyncResolver-bootstrap-executor-0) [c.n.d.s.r.aws.ConfigClusterResolver] -- Resolving eureka endpoints via configuration
18:23:39.971 INFO  com.netflix.discovery.shared.resolver.aws.ConfigClusterResolver (AsyncResolver-bootstrap-executor-0) [c.n.d.s.r.aws.ConfigClusterResolver] -- Resolving eureka endpoints via configuration
18:28:39.972 INFO  com.netflix.discovery.shared.resolver.aws.ConfigClusterResolver (AsyncResolver-bootstrap-executor-0) [c.n.d.s.r.aws.ConfigClusterResolver] -- Resolving eureka endpoints via configuration
18:33:39.975 INFO  com.netflix.discovery.shared.resolver.aws.ConfigClusterResolver (AsyncResolver-bootstrap-executor-0) [c.n.d.s.r.aws.ConfigClusterResolver] -- Resolving eureka endpoints via configuration
18:38:39.979 INFO  com.netflix.discovery.shared.resolver.aws.ConfigClusterResolver (AsyncResolver-bootstrap-executor-0) [c.n.d.s.r.aws.ConfigClusterResolver] -- Resolving eureka endpoints via configuration
18:43:39.993 INFO  com.netflix.discovery.shared.resolver.aws.ConfigClusterResolver (AsyncResolver-bootstrap-executor-0) [c.n.d.s.r.aws.ConfigClusterResolver] -- Resolving eureka endpoints via configuration
18:48:40.005 INFO  com.netflix.discovery.shared.resolver.aws.ConfigClusterResolver (AsyncResolver-bootstrap-executor-0) [c.n.d.s.r.aws.ConfigClusterResolver] -- Resolving eureka endpoints via configuration
18:53:40.010 INFO  com.netflix.discovery.shared.resolver.aws.ConfigClusterResolver (AsyncResolver-bootstrap-executor-0) [c.n.d.s.r.aws.ConfigClusterResolver] -- Resolving eureka endpoints via configuration
18:58:40.026 INFO  com.netflix.discovery.shared.resolver.aws.ConfigClusterResolver (AsyncResolver-bootstrap-executor-0) [c.n.d.s.r.aws.ConfigClusterResolver] -- Resolving eureka endpoints via configuration
19:03:37.515 INFO  com.netflix.discovery.shared.resolver.aws.ConfigClusterResolver (AsyncResolver-bootstrap-executor-0) [c.n.d.s.r.aws.ConfigClusterResolver] -- Resolving eureka endpoints via configuration
19:45:22.243 WARN  com.zaxxer.hikari.pool.HikariPool$HouseKeeper (HikariPool-1 housekeeper) [com.zaxxer.hikari.pool.HikariPool] -- HikariPool-1 - Thread starvation or clock leap detected (housekeeper delta=37m14s933ms965µs600ns).
19:45:22.446 INFO  com.netflix.discovery.shared.resolver.aws.ConfigClusterResolver (AsyncResolver-bootstrap-executor-0) [c.n.d.s.r.aws.ConfigClusterResolver] -- Resolving eureka endpoints via configuration
19:50:22.457 INFO  com.netflix.discovery.shared.resolver.aws.ConfigClusterResolver (AsyncResolver-bootstrap-executor-0) [c.n.d.s.r.aws.ConfigClusterResolver] -- Resolving eureka endpoints via configuration
19:55:22.472 INFO  com.netflix.discovery.shared.resolver.aws.ConfigClusterResolver (AsyncResolver-bootstrap-executor-0) [c.n.d.s.r.aws.ConfigClusterResolver] -- Resolving eureka endpoints via configuration
20:00:22.487 INFO  com.netflix.discovery.shared.resolver.aws.ConfigClusterResolver (AsyncResolver-bootstrap-executor-0) [c.n.d.s.r.aws.ConfigClusterResolver] -- Resolving eureka endpoints via configuration
20:05:22.497 INFO  com.netflix.discovery.shared.resolver.aws.ConfigClusterResolver (AsyncResolver-bootstrap-executor-0) [c.n.d.s.r.aws.ConfigClusterResolver] -- Resolving eureka endpoints via configuration
20:10:22.503 INFO  com.netflix.discovery.shared.resolver.aws.ConfigClusterResolver (AsyncResolver-bootstrap-executor-0) [c.n.d.s.r.aws.ConfigClusterResolver] -- Resolving eureka endpoints via configuration
20:15:22.505 INFO  com.netflix.discovery.shared.resolver.aws.ConfigClusterResolver (AsyncResolver-bootstrap-executor-0) [c.n.d.s.r.aws.ConfigClusterResolver] -- Resolving eureka endpoints via configuration
20:20:22.522 INFO  com.netflix.discovery.shared.resolver.aws.ConfigClusterResolver (AsyncResolver-bootstrap-executor-0) [c.n.d.s.r.aws.ConfigClusterResolver] -- Resolving eureka endpoints via configuration
20:25:52.462 INFO  org.springframework.boot.StartupInfoLogger (restartedMain) [c.j.d.DepartmenServiceApplication] -- Starting DepartmenServiceApplication using Java 11.0.8 on VSP-5733JL3 with PID 47920 (C:\value momentum\Prudhvi\microservics\departmen-service\departmen-service\target\classes started by PrudhviGopiChandMaha in C:\value momentum\Prudhvi\microservics\departmen-service\departmen-service)
20:25:52.465 INFO  org.springframework.boot.SpringApplication (restartedMain) [c.j.d.DepartmenServiceApplication] -- The following 1 profile is active: "qa"
20:25:52.516 WARN  org.springframework.boot.logging.DeferredLog (restartedMain) [o.s.b.c.config.ConfigDataEnvironment] -- Property 'spring.profiles' imported from location 'class path resource [application.yml]' is invalid and should be replaced with 'spring.config.activate.on-profile' [origin: class path resource [application.yml] - 62:13]
20:25:52.516 WARN  org.springframework.boot.logging.DeferredLog (restartedMain) [o.s.b.c.config.ConfigDataEnvironment] -- Property 'spring.profiles' imported from location 'class path resource [application.yml]' is invalid and should be replaced with 'spring.config.activate.on-profile' [origin: class path resource [application.yml] - 47:13]
20:25:52.516 WARN  org.springframework.boot.logging.DeferredLog (restartedMain) [o.s.b.c.config.ConfigDataEnvironment] -- Property 'spring.profiles' imported from location 'class path resource [application.yml]' is invalid and should be replaced with 'spring.config.activate.on-profile' [origin: class path resource [application.yml] - 33:13]
20:25:52.518 INFO  org.springframework.boot.logging.DeferredLog (restartedMain) [o.s.b.d.e.DevToolsPropertyDefaultsPostProcessor] -- Devtools property defaults active! Set 'spring.devtools.add-properties' to 'false' to disable
20:25:52.519 INFO  org.springframework.boot.logging.DeferredLog (restartedMain) [o.s.b.d.e.DevToolsPropertyDefaultsPostProcessor] -- For additional web related logging consider setting the 'logging.level.web' property to 'DEBUG'
