11:38:01.422 INFO  org.springframework.boot.web.embedded.tomcat.TomcatWebServer (restartedMain) [o.s.b.w.e.tomcat.TomcatWebServer] -- Tomcat initialized with port(s): 9093 (http)
11:38:01.431 INFO  org.apache.juli.logging.DirectJDKLog (restartedMain) [o.a.catalina.core.StandardService] -- Starting service [Tomcat]
11:38:01.431 INFO  org.apache.juli.logging.DirectJDKLog (restartedMain) [o.a.catalina.core.StandardEngine] -- Starting Servlet engine: [Apache Tomcat/9.0.64]
11:38:01.493 INFO  org.apache.juli.logging.DirectJDKLog (restartedMain) [o.a.c.c.C.[Tomcat].[localhost].[/]] -- Initializing Spring embedded WebApplicationContext
11:38:01.494 INFO  org.springframework.boot.web.servlet.context.ServletWebServerApplicationContext (restartedMain) [o.s.b.w.s.c.ServletWebServerApplicationContext] -- Root WebApplicationContext: initialization completed in 945 ms
11:38:01.530 INFO  com.zaxxer.hikari.HikariDataSource (restartedMain) [com.zaxxer.hikari.HikariDataSource] -- HikariPool-2 - Starting...
11:38:01.530 WARN  com.zaxxer.hikari.util.DriverDataSource (restartedMain) [c.z.hikari.util.DriverDataSource] -- Registered driver with driverClassName=com.mysql.jdbc.Driver was not found, trying direct instantiation.
11:38:01.556 INFO  com.zaxxer.hikari.HikariDataSource (restartedMain) [com.zaxxer.hikari.HikariDataSource] -- HikariPool-2 - Start completed.
11:38:01.556 INFO  org.springframework.boot.autoconfigure.h2.H2ConsoleAutoConfiguration (restartedMain) [o.s.b.a.h.H2ConsoleAutoConfiguration] -- H2 console available at '/h2-console'. Database available at 'jdbc:mysql://localhost:3306/javafsd-qa'
11:38:01.595 INFO  org.hibernate.jpa.internal.util.LogHelper (restartedMain) [o.h.jpa.internal.util.LogHelper] -- HHH000204: Processing PersistenceUnitInfo [name: default]
11:38:01.607 INFO  org.hibernate.dialect.Dialect (restartedMain) [org.hibernate.dialect.Dialect] -- HHH000400: Using dialect: org.hibernate.dialect.MySQL8Dialect
11:38:01.660 INFO  org.hibernate.engine.transaction.jta.platform.internal.JtaPlatformInitiator (restartedMain) [o.h.e.t.j.p.i.JtaPlatformInitiator] -- HHH000490: Using JtaPlatform implementation: [org.hibernate.engine.transaction.jta.platform.internal.NoJtaPlatform]
11:38:01.660 INFO  org.springframework.orm.jpa.AbstractEntityManagerFactoryBean (restartedMain) [o.s.o.j.LocalContainerEntityManagerFactoryBean] -- Initialized JPA EntityManagerFactory for persistence unit 'default'
11:38:01.772 WARN  org.springframework.boot.autoconfigure.orm.jpa.JpaBaseConfiguration$JpaWebConfiguration (restartedMain) [o.s.b.a.o.j.JpaBaseConfiguration$JpaWebConfiguration] -- spring.jpa.open-in-view is enabled by default. Therefore, database queries may be performed during view rendering. Explicitly configure spring.jpa.open-in-view to disable this warning
11:38:02.248 INFO  org.springframework.boot.devtools.autoconfigure.OptionalLiveReloadServer (restartedMain) [o.s.b.d.a.OptionalLiveReloadServer] -- LiveReload server is running on port 35729
11:38:02.483 INFO  org.springframework.cloud.netflix.eureka.config.DiscoveryClientOptionalArgsConfiguration (restartedMain) [o.s.c.n.e.c.DiscoveryClientOptionalArgsConfiguration] -- Eureka HTTP Client uses RestTemplate.
11:38:02.535 WARN  org.springframework.cloud.loadbalancer.config.LoadBalancerCacheAutoConfiguration$LoadBalancerCaffeineWarnLogger (restartedMain) [o.s.c.l.c.LoadBalancerCacheAutoConfiguration$LoadBalancerCaffeineWarnLogger] -- Spring Cloud LoadBalancer is currently working with the default cache. While this cache implementation is useful for development and tests, it's recommended to use Caffeine cache in production.You can switch to using Caffeine cache, by adding it and org.springframework.cache.caffeine.CaffeineCacheManager to the classpath.
11:38:02.543 INFO  org.springframework.boot.actuate.endpoint.web.EndpointLinksResolver (restartedMain) [o.s.b.a.e.web.EndpointLinksResolver] -- Exposing 16 endpoint(s) beneath base path '/actuator'
11:38:02.563 INFO  org.springframework.cloud.netflix.eureka.InstanceInfoFactory (restartedMain) [o.s.c.n.eureka.InstanceInfoFactory] -- Setting initial instance status as: STARTING
11:38:02.567 INFO  com.netflix.discovery.DiscoveryClient (restartedMain) [c.netflix.discovery.DiscoveryClient] -- Initializing Eureka in region us-east-1
11:38:02.568 INFO  com.netflix.discovery.shared.resolver.aws.ConfigClusterResolver (restartedMain) [c.n.d.s.r.aws.ConfigClusterResolver] -- Resolving eureka endpoints via configuration
11:38:02.582 INFO  com.netflix.discovery.DiscoveryClient (restartedMain) [c.netflix.discovery.DiscoveryClient] -- Disable delta property : false
11:38:02.583 INFO  com.netflix.discovery.DiscoveryClient (restartedMain) [c.netflix.discovery.DiscoveryClient] -- Single vip registry refresh property : null
11:38:02.583 INFO  com.netflix.discovery.DiscoveryClient (restartedMain) [c.netflix.discovery.DiscoveryClient] -- Force full registry fetch : false
11:38:02.584 INFO  com.netflix.discovery.DiscoveryClient (restartedMain) [c.netflix.discovery.DiscoveryClient] -- Application is null : false
11:38:02.584 INFO  com.netflix.discovery.DiscoveryClient (restartedMain) [c.netflix.discovery.DiscoveryClient] -- Registered Applications size is zero : true
11:38:02.585 INFO  com.netflix.discovery.DiscoveryClient (restartedMain) [c.netflix.discovery.DiscoveryClient] -- Application version is -1: true
11:38:02.585 INFO  com.netflix.discovery.DiscoveryClient (restartedMain) [c.netflix.discovery.DiscoveryClient] -- Getting all instance registry info from the eureka server
11:38:02.626 INFO  com.netflix.discovery.DiscoveryClient (restartedMain) [c.netflix.discovery.DiscoveryClient] -- The response status is 200
11:38:02.628 INFO  com.netflix.discovery.DiscoveryClient (restartedMain) [c.netflix.discovery.DiscoveryClient] -- Starting heartbeat executor: renew interval is: 30
11:38:02.630 INFO  com.netflix.discovery.InstanceInfoReplicator (restartedMain) [c.n.discovery.InstanceInfoReplicator] -- InstanceInfoReplicator onDemand update allowed rate per min is 4
11:38:02.632 INFO  com.netflix.discovery.DiscoveryClient (restartedMain) [c.netflix.discovery.DiscoveryClient] -- Discovery Client initialized at timestamp 1657606082631 with initial instances count: 1
11:38:02.634 INFO  org.springframework.cloud.netflix.eureka.serviceregistry.EurekaServiceRegistry (restartedMain) [o.s.c.n.e.s.EurekaServiceRegistry] -- Registering application DEPARTMENT-SERVICE with eureka with status UP
11:38:02.635 INFO  com.netflix.discovery.DiscoveryClient$3 (restartedMain) [c.netflix.discovery.DiscoveryClient] -- Saw local status change event StatusChangeEvent [timestamp=1657606082635, current=UP, previous=STARTING]
11:38:02.635 INFO  com.netflix.discovery.DiscoveryClient (DiscoveryClient-InstanceInfoReplicator-0) [c.netflix.discovery.DiscoveryClient] -- DiscoveryClient_DEPARTMENT-SERVICE/VSP-5733JL3:DEPARTMENT-SERVICE:9093: registering service...
11:38:02.652 INFO  com.netflix.discovery.DiscoveryClient (DiscoveryClient-InstanceInfoReplicator-0) [c.netflix.discovery.DiscoveryClient] -- DiscoveryClient_DEPARTMENT-SERVICE/VSP-5733JL3:DEPARTMENT-SERVICE:9093 - registration status: 204
11:38:02.656 INFO  org.springframework.boot.web.embedded.tomcat.TomcatWebServer (restartedMain) [o.s.b.w.e.tomcat.TomcatWebServer] -- Tomcat started on port(s): 9093 (http) with context path ''
11:38:02.657 INFO  org.springframework.cloud.netflix.eureka.serviceregistry.EurekaAutoServiceRegistration (restartedMain) [o.s.c.n.e.s.EurekaAutoServiceRegistration] -- Updating port to 9093
11:38:03.012 INFO  org.springframework.boot.StartupInfoLogger (restartedMain) [c.j.d.DepartmenServiceApplication] -- Started DepartmenServiceApplication in 2.811 seconds (JVM running for 1461.98)
