11:20:52.841 INFO  com.netflix.discovery.DiscoveryClient (Thread-1) [c.netflix.discovery.DiscoveryClient] -- Unregistering ...
11:20:52.858 INFO  com.netflix.discovery.DiscoveryClient (Thread-1) [c.netflix.discovery.DiscoveryClient] -- DiscoveryClient_DEPARTMENT-SERVICE/VSP-5733JL3:DEPARTMENT-SERVICE:9093 - deregister  status: 200
11:20:52.863 INFO  com.netflix.discovery.DiscoveryClient (Thread-1) [c.netflix.discovery.DiscoveryClient] -- Completed shut down of DiscoveryClient
11:20:53.184 INFO  org.springframework.boot.StartupInfoLogger (restartedMain) [c.j.d.DepartmenServiceApplication] -- Starting DepartmenServiceApplication using Java 11.0.8 on VSP-5733JL3 with PID 14800 (C:\value momentum\Prudhvi\microservics\departmen-service\departmen-service\target\classes started by PrudhviGopiChandMaha in C:\value momentum\Prudhvi\microservics\departmen-service\departmen-service)
11:20:53.186 INFO  org.springframework.boot.SpringApplication (restartedMain) [c.j.d.DepartmenServiceApplication] -- The following 1 profile is active: "qa"
11:20:53.189 WARN  org.springframework.boot.logging.DeferredLog (restartedMain) [o.s.b.c.config.ConfigDataEnvironment] -- Property 'spring.profiles' imported from location 'class path resource [application.yml]' is invalid and should be replaced with 'spring.config.activate.on-profile' [origin: class path resource [application.yml] - 62:13]
11:20:53.189 WARN  org.springframework.boot.logging.DeferredLog (restartedMain) [o.s.b.c.config.ConfigDataEnvironment] -- Property 'spring.profiles' imported from location 'class path resource [application.yml]' is invalid and should be replaced with 'spring.config.activate.on-profile' [origin: class path resource [application.yml] - 47:13]
11:20:53.189 WARN  org.springframework.boot.logging.DeferredLog (restartedMain) [o.s.b.c.config.ConfigDataEnvironment] -- Property 'spring.profiles' imported from location 'class path resource [application.yml]' is invalid and should be replaced with 'spring.config.activate.on-profile' [origin: class path resource [application.yml] - 33:13]
11:20:53.786 INFO  org.springframework.data.repository.config.RepositoryConfigurationDelegate (restartedMain) [o.s.d.r.c.RepositoryConfigurationDelegate] -- Bootstrapping Spring Data JPA repositories in DEFAULT mode.
11:20:53.806 INFO  org.springframework.data.repository.config.RepositoryConfigurationDelegate (restartedMain) [o.s.d.r.c.RepositoryConfigurationDelegate] -- Finished Spring Data repository scanning in 19 ms. Found 1 JPA repository interfaces.
11:20:53.887 INFO  org.springframework.cloud.context.scope.GenericScope (restartedMain) [o.s.cloud.context.scope.GenericScope] -- BeanFactory id=687fd8ba-4798-3c1f-b746-5eb50dcb5de0
11:20:54.009 INFO  org.springframework.boot.web.embedded.tomcat.TomcatWebServer (restartedMain) [o.s.b.w.e.tomcat.TomcatWebServer] -- Tomcat initialized with port(s): 9093 (http)
11:20:54.011 INFO  org.apache.juli.logging.DirectJDKLog (restartedMain) [o.a.catalina.core.StandardService] -- Starting service [Tomcat]
11:20:54.011 INFO  org.apache.juli.logging.DirectJDKLog (restartedMain) [o.a.catalina.core.StandardEngine] -- Starting Servlet engine: [Apache Tomcat/9.0.64]
11:20:54.062 INFO  org.apache.juli.logging.DirectJDKLog (restartedMain) [o.a.c.c.C.[Tomcat].[localhost].[/]] -- Initializing Spring embedded WebApplicationContext
11:20:54.063 INFO  org.springframework.boot.web.servlet.context.ServletWebServerApplicationContext (restartedMain) [o.s.b.w.s.c.ServletWebServerApplicationContext] -- Root WebApplicationContext: initialization completed in 874 ms
11:20:54.097 INFO  com.zaxxer.hikari.HikariDataSource (restartedMain) [com.zaxxer.hikari.HikariDataSource] -- HikariPool-2 - Starting...
11:20:54.097 WARN  com.zaxxer.hikari.util.DriverDataSource (restartedMain) [c.z.hikari.util.DriverDataSource] -- Registered driver with driverClassName=com.mysql.jdbc.Driver was not found, trying direct instantiation.
11:20:54.119 INFO  com.zaxxer.hikari.HikariDataSource (restartedMain) [com.zaxxer.hikari.HikariDataSource] -- HikariPool-2 - Start completed.
11:20:54.119 INFO  org.springframework.boot.autoconfigure.h2.H2ConsoleAutoConfiguration (restartedMain) [o.s.b.a.h.H2ConsoleAutoConfiguration] -- H2 console available at '/h2-console'. Database available at 'jdbc:mysql://localhost:3306/javafsd-qa'
11:20:54.163 INFO  org.hibernate.jpa.internal.util.LogHelper (restartedMain) [o.h.jpa.internal.util.LogHelper] -- HHH000204: Processing PersistenceUnitInfo [name: default]
11:20:54.174 INFO  org.hibernate.dialect.Dialect (restartedMain) [org.hibernate.dialect.Dialect] -- HHH000400: Using dialect: org.hibernate.dialect.MySQL8Dialect
11:20:54.225 INFO  org.hibernate.engine.transaction.jta.platform.internal.JtaPlatformInitiator (restartedMain) [o.h.e.t.j.p.i.JtaPlatformInitiator] -- HHH000490: Using JtaPlatform implementation: [org.hibernate.engine.transaction.jta.platform.internal.NoJtaPlatform]
11:20:54.226 INFO  org.springframework.orm.jpa.AbstractEntityManagerFactoryBean (restartedMain) [o.s.o.j.LocalContainerEntityManagerFactoryBean] -- Initialized JPA EntityManagerFactory for persistence unit 'default'
11:20:54.335 WARN  org.springframework.boot.autoconfigure.orm.jpa.JpaBaseConfiguration$JpaWebConfiguration (restartedMain) [o.s.b.a.o.j.JpaBaseConfiguration$JpaWebConfiguration] -- spring.jpa.open-in-view is enabled by default. Therefore, database queries may be performed during view rendering. Explicitly configure spring.jpa.open-in-view to disable this warning
11:20:54.802 WARN  org.springframework.boot.devtools.autoconfigure.OptionalLiveReloadServer (restartedMain) [o.s.b.d.a.OptionalLiveReloadServer] -- Unable to start LiveReload server
