11:14:21.572 INFO  com.netflix.discovery.DiscoveryClient (DiscoveryClient-CacheRefreshExecutor-0) [c.netflix.discovery.DiscoveryClient] -- Disable delta property : false
11:14:21.577 INFO  com.netflix.discovery.DiscoveryClient (DiscoveryClient-CacheRefreshExecutor-0) [c.netflix.discovery.DiscoveryClient] -- Single vip registry refresh property : null
11:14:21.577 INFO  com.netflix.discovery.DiscoveryClient (DiscoveryClient-CacheRefreshExecutor-0) [c.netflix.discovery.DiscoveryClient] -- Force full registry fetch : false
11:14:21.577 INFO  com.netflix.discovery.DiscoveryClient (DiscoveryClient-CacheRefreshExecutor-0) [c.netflix.discovery.DiscoveryClient] -- Application is null : false
11:14:21.577 INFO  com.netflix.discovery.DiscoveryClient (DiscoveryClient-CacheRefreshExecutor-0) [c.netflix.discovery.DiscoveryClient] -- Registered Applications size is zero : true
11:14:21.578 INFO  com.netflix.discovery.DiscoveryClient (DiscoveryClient-CacheRefreshExecutor-0) [c.netflix.discovery.DiscoveryClient] -- Application version is -1: false
11:14:21.578 INFO  com.netflix.discovery.DiscoveryClient (DiscoveryClient-CacheRefreshExecutor-0) [c.netflix.discovery.DiscoveryClient] -- Getting all instance registry info from the eureka server
11:14:21.597 INFO  com.netflix.discovery.DiscoveryClient (DiscoveryClient-CacheRefreshExecutor-0) [c.netflix.discovery.DiscoveryClient] -- The response status is 200
11:18:50.992 INFO  com.netflix.discovery.shared.resolver.aws.ConfigClusterResolver (AsyncResolver-bootstrap-executor-0) [c.n.d.s.r.aws.ConfigClusterResolver] -- Resolving eureka endpoints via configuration
11:23:51.000 INFO  com.netflix.discovery.shared.resolver.aws.ConfigClusterResolver (AsyncResolver-bootstrap-executor-0) [c.n.d.s.r.aws.ConfigClusterResolver] -- Resolving eureka endpoints via configuration
11:28:51.016 INFO  com.netflix.discovery.shared.resolver.aws.ConfigClusterResolver (AsyncResolver-bootstrap-executor-0) [c.n.d.s.r.aws.ConfigClusterResolver] -- Resolving eureka endpoints via configuration
11:33:51.021 INFO  com.netflix.discovery.shared.resolver.aws.ConfigClusterResolver (AsyncResolver-bootstrap-executor-0) [c.n.d.s.r.aws.ConfigClusterResolver] -- Resolving eureka endpoints via configuration
11:37:56.532 INFO  org.springframework.cloud.netflix.eureka.serviceregistry.EurekaServiceRegistry (Thread-7) [o.s.c.n.e.s.EurekaServiceRegistry] -- Unregistering application DEPARTMENT-SERVICE with eureka with status DOWN
11:37:56.533 INFO  com.netflix.discovery.DiscoveryClient$3 (Thread-7) [c.netflix.discovery.DiscoveryClient] -- Saw local status change event StatusChangeEvent [timestamp=1657606076533, current=DOWN, previous=UP]
11:37:56.534 INFO  com.netflix.discovery.DiscoveryClient (DiscoveryClient-InstanceInfoReplicator-0) [c.netflix.discovery.DiscoveryClient] -- DiscoveryClient_DEPARTMENT-SERVICE/VSP-5733JL3:DEPARTMENT-SERVICE:9093: registering service...
11:37:56.552 INFO  com.netflix.discovery.DiscoveryClient (DiscoveryClient-InstanceInfoReplicator-0) [c.netflix.discovery.DiscoveryClient] -- DiscoveryClient_DEPARTMENT-SERVICE/VSP-5733JL3:DEPARTMENT-SERVICE:9093 - registration status: 204
11:37:57.023 INFO  org.springframework.orm.jpa.AbstractEntityManagerFactoryBean (Thread-7) [o.s.o.j.LocalContainerEntityManagerFactoryBean] -- Closing JPA EntityManagerFactory for persistence unit 'default'
11:37:57.082 INFO  com.zaxxer.hikari.HikariDataSource (Thread-7) [com.zaxxer.hikari.HikariDataSource] -- HikariPool-1 - Shutdown initiated...
11:37:57.100 INFO  com.zaxxer.hikari.HikariDataSource (Thread-7) [com.zaxxer.hikari.HikariDataSource] -- HikariPool-1 - Shutdown completed.
11:37:57.101 INFO  com.netflix.discovery.DiscoveryClient (Thread-7) [c.netflix.discovery.DiscoveryClient] -- Shutting down DiscoveryClient ...
11:38:00.112 INFO  com.netflix.discovery.DiscoveryClient (Thread-7) [c.netflix.discovery.DiscoveryClient] -- Unregistering ...
11:38:00.130 INFO  com.netflix.discovery.DiscoveryClient (Thread-7) [c.netflix.discovery.DiscoveryClient] -- DiscoveryClient_DEPARTMENT-SERVICE/VSP-5733JL3:DEPARTMENT-SERVICE:9093 - deregister  status: 200
11:38:00.136 INFO  com.netflix.discovery.DiscoveryClient (Thread-7) [c.netflix.discovery.DiscoveryClient] -- Completed shut down of DiscoveryClient
11:38:00.544 INFO  org.springframework.boot.StartupInfoLogger (restartedMain) [c.j.d.DepartmenServiceApplication] -- Starting DepartmenServiceApplication using Java 11.0.8 on VSP-5733JL3 with PID 53628 (C:\value momentum\Prudhvi\microservics\departmen-service\departmen-service\target\classes started by PrudhviGopiChandMaha in C:\value momentum\Prudhvi\microservics\departmen-service\departmen-service)
11:38:00.545 INFO  org.springframework.boot.SpringApplication (restartedMain) [c.j.d.DepartmenServiceApplication] -- The following 1 profile is active: "qa"
11:38:00.548 WARN  org.springframework.boot.logging.DeferredLog (restartedMain) [o.s.b.c.config.ConfigDataEnvironment] -- Property 'spring.profiles' imported from location 'class path resource [application.yml]' is invalid and should be replaced with 'spring.config.activate.on-profile' [origin: class path resource [application.yml] - 62:13]
11:38:00.548 WARN  org.springframework.boot.logging.DeferredLog (restartedMain) [o.s.b.c.config.ConfigDataEnvironment] -- Property 'spring.profiles' imported from location 'class path resource [application.yml]' is invalid and should be replaced with 'spring.config.activate.on-profile' [origin: class path resource [application.yml] - 47:13]
11:38:00.549 WARN  org.springframework.boot.logging.DeferredLog (restartedMain) [o.s.b.c.config.ConfigDataEnvironment] -- Property 'spring.profiles' imported from location 'class path resource [application.yml]' is invalid and should be replaced with 'spring.config.activate.on-profile' [origin: class path resource [application.yml] - 33:13]
11:38:01.175 INFO  org.springframework.data.repository.config.RepositoryConfigurationDelegate (restartedMain) [o.s.d.r.c.RepositoryConfigurationDelegate] -- Bootstrapping Spring Data JPA repositories in DEFAULT mode.
11:38:01.196 INFO  org.springframework.data.repository.config.RepositoryConfigurationDelegate (restartedMain) [o.s.d.r.c.RepositoryConfigurationDelegate] -- Finished Spring Data repository scanning in 20 ms. Found 1 JPA repository interfaces.
11:38:01.280 INFO  org.springframework.cloud.context.scope.GenericScope (restartedMain) [o.s.cloud.context.scope.GenericScope] -- BeanFactory id=687fd8ba-4798-3c1f-b746-5eb50dcb5de0
