13:08:10.665 INFO  com.zaxxer.hikari.HikariDataSource (restartedMain) [com.zaxxer.hikari.HikariDataSource] -- HikariPool-7 - Start completed.
13:08:10.670 INFO  org.hibernate.dialect.Dialect (restartedMain) [org.hibernate.dialect.Dialect] -- HHH000400: Using dialect: org.hibernate.dialect.MySQL8Dialect
13:08:10.714 INFO  org.hibernate.engine.transaction.jta.platform.internal.JtaPlatformInitiator (restartedMain) [o.h.e.t.j.p.i.JtaPlatformInitiator] -- HHH000490: Using JtaPlatform implementation: [org.hibernate.engine.transaction.jta.platform.internal.NoJtaPlatform]
13:08:10.715 INFO  org.springframework.orm.jpa.AbstractEntityManagerFactoryBean (restartedMain) [o.s.o.j.LocalContainerEntityManagerFactoryBean] -- Initialized JPA EntityManagerFactory for persistence unit 'default'
13:08:10.776 WARN  org.springframework.boot.autoconfigure.orm.jpa.JpaBaseConfiguration$JpaWebConfiguration (restartedMain) [o.s.b.a.o.j.JpaBaseConfiguration$JpaWebConfiguration] -- spring.jpa.open-in-view is enabled by default. Therefore, database queries may be performed during view rendering. Explicitly configure spring.jpa.open-in-view to disable this warning
13:08:10.858 INFO  org.springframework.boot.devtools.autoconfigure.OptionalLiveReloadServer (restartedMain) [o.s.b.d.a.OptionalLiveReloadServer] -- LiveReload server is running on port 35729
13:08:10.871 INFO  org.springframework.boot.web.embedded.tomcat.TomcatWebServer (restartedMain) [o.s.b.w.e.tomcat.TomcatWebServer] -- Tomcat started on port(s): 9093 (http) with context path ''
13:08:10.874 INFO  org.springframework.boot.StartupInfoLogger (restartedMain) [c.j.d.DepartmenServiceApplication] -- Started DepartmenServiceApplication in 0.625 seconds (JVM running for 1651.877)
13:08:10.876 INFO  org.springframework.boot.devtools.autoconfigure.ConditionEvaluationDeltaLoggingListener (restartedMain) [o.s.b.d.a.ConditionEvaluationDeltaLoggingListener] -- Condition evaluation unchanged
13:08:20.763 INFO  org.springframework.boot.StartupInfoLogger (restartedMain) [c.j.d.DepartmenServiceApplication] -- Starting DepartmenServiceApplication using Java 11.0.8 on VSP-5733JL3 with PID 19360 (C:\value momentum\Prudhvi\microservics\departmen-service\departmen-service\target\classes started by PrudhviGopiChandMaha in C:\value momentum\Prudhvi\microservics\departmen-service\departmen-service)
13:08:20.766 INFO  org.springframework.boot.SpringApplication (restartedMain) [c.j.d.DepartmenServiceApplication] -- The following 1 profile is active: "qa"
13:08:20.820 WARN  org.springframework.boot.logging.DeferredLog (restartedMain) [o.s.b.c.config.ConfigDataEnvironment] -- Property 'spring.profiles' imported from location 'class path resource [application.yml]' is invalid and should be replaced with 'spring.config.activate.on-profile' [origin: class path resource [application.yml] - 65:13]
13:08:20.820 WARN  org.springframework.boot.logging.DeferredLog (restartedMain) [o.s.b.c.config.ConfigDataEnvironment] -- Property 'spring.profiles' imported from location 'class path resource [application.yml]' is invalid and should be replaced with 'spring.config.activate.on-profile' [origin: class path resource [application.yml] - 50:13]
13:08:20.820 WARN  org.springframework.boot.logging.DeferredLog (restartedMain) [o.s.b.c.config.ConfigDataEnvironment] -- Property 'spring.profiles' imported from location 'class path resource [application.yml]' is invalid and should be replaced with 'spring.config.activate.on-profile' [origin: class path resource [application.yml] - 31:13]
13:08:20.823 INFO  org.springframework.boot.logging.DeferredLog (restartedMain) [o.s.b.d.e.DevToolsPropertyDefaultsPostProcessor] -- Devtools property defaults active! Set 'spring.devtools.add-properties' to 'false' to disable
13:08:20.823 INFO  org.springframework.boot.logging.DeferredLog (restartedMain) [o.s.b.d.e.DevToolsPropertyDefaultsPostProcessor] -- For additional web related logging consider setting the 'logging.level.web' property to 'DEBUG'
13:08:22.051 INFO  org.springframework.data.repository.config.RepositoryConfigurationDelegate (restartedMain) [o.s.d.r.c.RepositoryConfigurationDelegate] -- Bootstrapping Spring Data JPA repositories in DEFAULT mode.
13:08:22.157 INFO  org.springframework.data.repository.config.RepositoryConfigurationDelegate (restartedMain) [o.s.d.r.c.RepositoryConfigurationDelegate] -- Finished Spring Data repository scanning in 87 ms. Found 1 JPA repository interfaces.
13:08:23.225 INFO  org.springframework.boot.web.embedded.tomcat.TomcatWebServer (restartedMain) [o.s.b.w.e.tomcat.TomcatWebServer] -- Tomcat initialized with port(s): 9093 (http)
13:08:23.238 INFO  org.apache.juli.logging.DirectJDKLog (restartedMain) [o.a.catalina.core.StandardService] -- Starting service [Tomcat]
13:08:23.239 INFO  org.apache.juli.logging.DirectJDKLog (restartedMain) [o.a.catalina.core.StandardEngine] -- Starting Servlet engine: [Apache Tomcat/9.0.64]
13:08:23.422 INFO  org.apache.juli.logging.DirectJDKLog (restartedMain) [o.a.c.c.C.[Tomcat].[localhost].[/]] -- Initializing Spring embedded WebApplicationContext
13:08:23.422 INFO  org.springframework.boot.web.servlet.context.ServletWebServerApplicationContext (restartedMain) [o.s.b.w.s.c.ServletWebServerApplicationContext] -- Root WebApplicationContext: initialization completed in 2598 ms
13:08:23.808 INFO  org.hibernate.jpa.internal.util.LogHelper (restartedMain) [o.h.jpa.internal.util.LogHelper] -- HHH000204: Processing PersistenceUnitInfo [name: default]
13:08:23.890 INFO  org.hibernate.Version (restartedMain) [org.hibernate.Version] -- HHH000412: Hibernate ORM core version 5.6.9.Final
13:08:24.200 INFO  org.hibernate.annotations.common.reflection.java.JavaReflectionManager (restartedMain) [o.h.annotations.common.Version] -- HCANN000001: Hibernate Commons Annotations {5.1.2.Final}
13:08:24.390 INFO  com.zaxxer.hikari.HikariDataSource (restartedMain) [com.zaxxer.hikari.HikariDataSource] -- HikariPool-1 - Starting...
13:08:24.399 WARN  com.zaxxer.hikari.util.DriverDataSource (restartedMain) [c.z.hikari.util.DriverDataSource] -- Registered driver with driverClassName=com.mysql.jdbc.Driver was not found, trying direct instantiation.
13:08:24.824 INFO  com.zaxxer.hikari.HikariDataSource (restartedMain) [com.zaxxer.hikari.HikariDataSource] -- HikariPool-1 - Start completed.
13:08:24.882 INFO  org.hibernate.dialect.Dialect (restartedMain) [org.hibernate.dialect.Dialect] -- HHH000400: Using dialect: org.hibernate.dialect.MySQL8Dialect
13:08:25.782 INFO  org.hibernate.engine.transaction.jta.platform.internal.JtaPlatformInitiator (restartedMain) [o.h.e.t.j.p.i.JtaPlatformInitiator] -- HHH000490: Using JtaPlatform implementation: [org.hibernate.engine.transaction.jta.platform.internal.NoJtaPlatform]
13:08:25.797 INFO  org.springframework.orm.jpa.AbstractEntityManagerFactoryBean (restartedMain) [o.s.o.j.LocalContainerEntityManagerFactoryBean] -- Initialized JPA EntityManagerFactory for persistence unit 'default'
13:08:26.278 WARN  org.springframework.boot.autoconfigure.orm.jpa.JpaBaseConfiguration$JpaWebConfiguration (restartedMain) [o.s.b.a.o.j.JpaBaseConfiguration$JpaWebConfiguration] -- spring.jpa.open-in-view is enabled by default. Therefore, database queries may be performed during view rendering. Explicitly configure spring.jpa.open-in-view to disable this warning
13:08:26.849 WARN  org.springframework.boot.devtools.autoconfigure.OptionalLiveReloadServer (restartedMain) [o.s.b.d.a.OptionalLiveReloadServer] -- Unable to start LiveReload server
13:08:26.855 INFO  org.springframework.boot.actuate.endpoint.web.EndpointLinksResolver (restartedMain) [o.s.b.a.e.web.EndpointLinksResolver] -- Exposing 13 endpoint(s) beneath base path '/actuator'
13:08:26.898 WARN  org.springframework.context.support.AbstractApplicationContext (restartedMain) [o.s.b.w.s.c.AnnotationConfigServletWebServerApplicationContext] -- Exception encountered during context initialization - cancelling refresh attempt: org.springframework.context.ApplicationContextException: Failed to start bean 'webServerStartStop'; nested exception is org.springframework.boot.web.server.PortInUseException: Port 9093 is already in use
13:08:26.901 INFO  org.springframework.orm.jpa.AbstractEntityManagerFactoryBean (restartedMain) [o.s.o.j.LocalContainerEntityManagerFactoryBean] -- Closing JPA EntityManagerFactory for persistence unit 'default'
13:08:26.911 INFO  com.zaxxer.hikari.HikariDataSource (restartedMain) [com.zaxxer.hikari.HikariDataSource] -- HikariPool-1 - Shutdown initiated...
13:08:26.927 INFO  com.zaxxer.hikari.HikariDataSource (restartedMain) [com.zaxxer.hikari.HikariDataSource] -- HikariPool-1 - Shutdown completed.
13:08:26.930 INFO  org.apache.juli.logging.DirectJDKLog (restartedMain) [o.a.catalina.core.StandardService] -- Stopping service [Tomcat]
13:08:26.950 INFO  org.springframework.boot.autoconfigure.logging.ConditionEvaluationReportLoggingListener (restartedMain) [o.s.b.a.l.ConditionEvaluationReportLoggingListener] -- 

Error starting ApplicationContext. To display the conditions report re-run your application with 'debug' enabled.
13:08:26.986 ERROR org.springframework.boot.diagnostics.LoggingFailureAnalysisReporter (restartedMain) [o.s.b.d.LoggingFailureAnalysisReporter] -- 

***************************
APPLICATION FAILED TO START
***************************

Description:

Web server failed to start. Port 9093 was already in use.

Action:

Identify and stop the process that's listening on port 9093 or configure this application to listen on another port.

13:08:46.142 INFO  org.springframework.boot.StartupInfoLogger (restartedMain) [c.j.d.DepartmenServiceApplication] -- Starting DepartmenServiceApplication using Java 11.0.8 on VSP-5733JL3 with PID 33212 (C:\value momentum\Prudhvi\microservics\departmen-service\departmen-service\target\classes started by PrudhviGopiChandMaha in C:\value momentum\Prudhvi\microservics\departmen-service\departmen-service)
13:08:46.145 INFO  org.springframework.boot.SpringApplication (restartedMain) [c.j.d.DepartmenServiceApplication] -- The following 1 profile is active: "qa"
13:08:46.200 WARN  org.springframework.boot.logging.DeferredLog (restartedMain) [o.s.b.c.config.ConfigDataEnvironment] -- Property 'spring.profiles' imported from location 'class path resource [application.yml]' is invalid and should be replaced with 'spring.config.activate.on-profile' [origin: class path resource [application.yml] - 65:13]
13:08:46.200 WARN  org.springframework.boot.logging.DeferredLog (restartedMain) [o.s.b.c.config.ConfigDataEnvironment] -- Property 'spring.profiles' imported from location 'class path resource [application.yml]' is invalid and should be replaced with 'spring.config.activate.on-profile' [origin: class path resource [application.yml] - 50:13]
13:08:46.200 WARN  org.springframework.boot.logging.DeferredLog (restartedMain) [o.s.b.c.config.ConfigDataEnvironment] -- Property 'spring.profiles' imported from location 'class path resource [application.yml]' is invalid and should be replaced with 'spring.config.activate.on-profile' [origin: class path resource [application.yml] - 31:13]
13:08:46.203 INFO  org.springframework.boot.logging.DeferredLog (restartedMain) [o.s.b.d.e.DevToolsPropertyDefaultsPostProcessor] -- Devtools property defaults active! Set 'spring.devtools.add-properties' to 'false' to disable
13:08:46.204 INFO  org.springframework.boot.logging.DeferredLog (restartedMain) [o.s.b.d.e.DevToolsPropertyDefaultsPostProcessor] -- For additional web related logging consider setting the 'logging.level.web' property to 'DEBUG'
