12:46:40.139 INFO  org.springframework.boot.StartupInfoLogger (restartedMain) [c.j.department.DepartmentApplication]
				-- Starting DepartmentApplication using Java 11.0.8 on VSP-JSZ3JL3 with PID 40964 (C:\Valuemomentum\AnilBarla\department\department\target\classes started by AnilBarla in C:\Valuemomentum\AnilBarla\department\department)
12:46:40.152 INFO  org.springframework.boot.SpringApplication (restartedMain) [c.j.department.DepartmentApplication]
				-- The following 1 profile is active: "dev"
12:46:40.225 WARN  org.springframework.boot.logging.DeferredLog (restartedMain) [o.s.b.c.config.ConfigDataEnvironment]
				-- Property 'spring.profiles' imported from location 'class path resource [application.yml]' is invalid and should be replaced with 'spring.config.activate.on-profile' [origin: class path resource [application.yml] - 49:13]
12:46:40.226 WARN  org.springframework.boot.logging.DeferredLog (restartedMain) [o.s.b.c.config.ConfigDataEnvironment]
				-- Property 'spring.profiles' imported from location 'class path resource [application.yml]' is invalid and should be replaced with 'spring.config.activate.on-profile' [origin: class path resource [application.yml] - 34:13]
12:46:40.228 INFO  org.springframework.boot.logging.DeferredLog (restartedMain) [o.s.b.d.e.DevToolsPropertyDefaultsPostProcessor]
				-- Devtools property defaults active! Set 'spring.devtools.add-properties' to 'false' to disable
12:46:40.229 INFO  org.springframework.boot.logging.DeferredLog (restartedMain) [o.s.b.d.e.DevToolsPropertyDefaultsPostProcessor]
				-- For additional web related logging consider setting the 'logging.level.web' property to 'DEBUG'
12:46:41.423 INFO  org.springframework.data.repository.config.RepositoryConfigurationDelegate (restartedMain) [o.s.d.r.c.RepositoryConfigurationDelegate]
				-- Bootstrapping Spring Data JPA repositories in DEFAULT mode.
12:46:41.505 INFO  org.springframework.data.repository.config.RepositoryConfigurationDelegate (restartedMain) [o.s.d.r.c.RepositoryConfigurationDelegate]
				-- Finished Spring Data repository scanning in 72 ms. Found 1 JPA repository interfaces.
12:46:42.379 INFO  org.springframework.boot.web.embedded.tomcat.TomcatWebServer (restartedMain) [o.s.b.w.e.tomcat.TomcatWebServer]
				-- Tomcat initialized with port(s): 8087 (http)
12:46:42.392 INFO  org.apache.juli.logging.DirectJDKLog (restartedMain) [o.a.catalina.core.StandardService]
				-- Starting service [Tomcat]
12:46:42.393 INFO  org.apache.juli.logging.DirectJDKLog (restartedMain) [o.a.catalina.core.StandardEngine]
				-- Starting Servlet engine: [Apache Tomcat/9.0.64]
12:46:42.533 INFO  org.apache.juli.logging.DirectJDKLog (restartedMain) [o.a.c.c.C.[Tomcat].[localhost].[/]]
				-- Initializing Spring embedded WebApplicationContext
12:46:42.534 INFO  org.springframework.boot.web.servlet.context.ServletWebServerApplicationContext (restartedMain) [o.s.b.w.s.c.ServletWebServerApplicationContext]
				-- Root WebApplicationContext: initialization completed in 2305 ms
12:46:42.723 INFO  com.zaxxer.hikari.HikariDataSource (restartedMain) [com.zaxxer.hikari.HikariDataSource]
				-- HikariPool-1 - Starting...
12:46:42.731 WARN  com.zaxxer.hikari.util.DriverDataSource (restartedMain) [c.z.hikari.util.DriverDataSource]
				-- Registered driver with driverClassName=com.mysql.jdbc.Driver was not found, trying direct instantiation.
12:46:43.129 INFO  com.zaxxer.hikari.HikariDataSource (restartedMain) [com.zaxxer.hikari.HikariDataSource]
				-- HikariPool-1 - Start completed.
12:46:43.142 INFO  org.springframework.boot.autoconfigure.h2.H2ConsoleAutoConfiguration (restartedMain) [o.s.b.a.h.H2ConsoleAutoConfiguration]
				-- H2 console available at '/h2-console'. Database available at 'jdbc:mysql://localhost:3306/javafsd'
12:46:43.341 INFO  org.hibernate.jpa.internal.util.LogHelper (restartedMain) [o.h.jpa.internal.util.LogHelper]
				-- HHH000204: Processing PersistenceUnitInfo [name: default]
12:46:43.418 INFO  org.hibernate.Version (restartedMain) [org.hibernate.Version]
				-- HHH000412: Hibernate ORM core version 5.6.9.Final
12:46:43.637 INFO  org.hibernate.annotations.common.reflection.java.JavaReflectionManager (restartedMain) [o.h.annotations.common.Version]
				-- HCANN000001: Hibernate Commons Annotations {5.1.2.Final}
12:46:43.778 INFO  org.hibernate.dialect.Dialect (restartedMain) [org.hibernate.dialect.Dialect]
				-- HHH000400: Using dialect: org.hibernate.dialect.MySQL8Dialect
12:46:44.392 INFO  org.hibernate.engine.transaction.jta.platform.internal.JtaPlatformInitiator (restartedMain) [o.h.e.t.j.p.i.JtaPlatformInitiator]
				-- HHH000490: Using JtaPlatform implementation: [org.hibernate.engine.transaction.jta.platform.internal.NoJtaPlatform]
12:46:44.402 INFO  org.springframework.orm.jpa.AbstractEntityManagerFactoryBean (restartedMain) [o.s.o.j.LocalContainerEntityManagerFactoryBean]
				-- Initialized JPA EntityManagerFactory for persistence unit 'default'
12:46:44.846 WARN  org.springframework.boot.autoconfigure.orm.jpa.JpaBaseConfiguration$JpaWebConfiguration (restartedMain) [o.s.b.a.o.j.JpaBaseConfiguration$JpaWebConfiguration]
				-- spring.jpa.open-in-view is enabled by default. Therefore, database queries may be performed during view rendering. Explicitly configure spring.jpa.open-in-view to disable this warning
