18:02:52.204 INFO  org.springframework.orm.jpa.AbstractEntityManagerFactoryBean (Thread-15) [o.s.o.j.LocalContainerEntityManagerFactoryBean]
				-- Closing JPA EntityManagerFactory for persistence unit 'default'
18:02:52.208 INFO  com.zaxxer.hikari.HikariDataSource (Thread-15) [com.zaxxer.hikari.HikariDataSource]
				-- HikariPool-4 - Shutdown initiated...
18:02:52.220 INFO  com.zaxxer.hikari.HikariDataSource (Thread-15) [com.zaxxer.hikari.HikariDataSource]
				-- HikariPool-4 - Shutdown completed.
18:02:52.319 INFO  org.springframework.boot.StartupInfoLogger (restartedMain) [c.j.department.DepartmentApplication]
				-- Starting DepartmentApplication using Java 11.0.8 on VSP-JSZ3JL3 with PID 29844 (C:\Valuemomentum\AnilBarla\department\department\target\classes started by AnilBarla in C:\Valuemomentum\AnilBarla\department\department)
18:02:52.320 INFO  org.springframework.boot.SpringApplication (restartedMain) [c.j.department.DepartmentApplication]
				-- No active profile set, falling back to 1 default profile: "default"
18:02:52.550 INFO  org.springframework.data.repository.config.RepositoryConfigurationDelegate (restartedMain) [o.s.d.r.c.RepositoryConfigurationDelegate]
				-- Bootstrapping Spring Data JPA repositories in DEFAULT mode.
18:02:52.572 INFO  org.springframework.data.repository.config.RepositoryConfigurationDelegate (restartedMain) [o.s.d.r.c.RepositoryConfigurationDelegate]
				-- Finished Spring Data repository scanning in 21 ms. Found 1 JPA repository interfaces.
18:02:52.684 INFO  org.springframework.boot.web.embedded.tomcat.TomcatWebServer (restartedMain) [o.s.b.w.e.tomcat.TomcatWebServer]
				-- Tomcat initialized with port(s): 8087 (http)
18:02:52.685 INFO  org.apache.juli.logging.DirectJDKLog (restartedMain) [o.a.catalina.core.StandardService]
				-- Starting service [Tomcat]
18:02:52.685 INFO  org.apache.juli.logging.DirectJDKLog (restartedMain) [o.a.catalina.core.StandardEngine]
				-- Starting Servlet engine: [Apache Tomcat/9.0.64]
18:02:52.717 INFO  org.apache.juli.logging.DirectJDKLog (restartedMain) [o.a.c.c.C.[Tomcat].[localhost].[/]]
				-- Initializing Spring embedded WebApplicationContext
18:02:52.717 INFO  org.springframework.boot.web.servlet.context.ServletWebServerApplicationContext (restartedMain) [o.s.b.w.s.c.ServletWebServerApplicationContext]
				-- Root WebApplicationContext: initialization completed in 395 ms
18:02:52.730 INFO  com.zaxxer.hikari.HikariDataSource (restartedMain) [com.zaxxer.hikari.HikariDataSource]
				-- HikariPool-5 - Starting...
18:02:52.732 WARN  com.zaxxer.hikari.util.DriverDataSource (restartedMain) [c.z.hikari.util.DriverDataSource]
				-- Registered driver with driverClassName=com.mysql.jdbc.Driver was not found, trying direct instantiation.
18:02:52.757 INFO  com.zaxxer.hikari.HikariDataSource (restartedMain) [com.zaxxer.hikari.HikariDataSource]
				-- HikariPool-5 - Start completed.
18:02:52.758 INFO  org.springframework.boot.autoconfigure.h2.H2ConsoleAutoConfiguration (restartedMain) [o.s.b.a.h.H2ConsoleAutoConfiguration]
				-- H2 console available at '/h2-console'. Database available at 'jdbc:mysql://localhost:3306/javafsd'
18:02:52.781 INFO  org.hibernate.jpa.internal.util.LogHelper (restartedMain) [o.h.jpa.internal.util.LogHelper]
				-- HHH000204: Processing PersistenceUnitInfo [name: default]
18:02:52.787 INFO  org.hibernate.dialect.Dialect (restartedMain) [org.hibernate.dialect.Dialect]
				-- HHH000400: Using dialect: org.hibernate.dialect.MySQL8Dialect
18:02:52.832 INFO  org.hibernate.engine.transaction.jta.platform.internal.JtaPlatformInitiator (restartedMain) [o.h.e.t.j.p.i.JtaPlatformInitiator]
				-- HHH000490: Using JtaPlatform implementation: [org.hibernate.engine.transaction.jta.platform.internal.NoJtaPlatform]
18:02:52.833 INFO  org.springframework.orm.jpa.AbstractEntityManagerFactoryBean (restartedMain) [o.s.o.j.LocalContainerEntityManagerFactoryBean]
				-- Initialized JPA EntityManagerFactory for persistence unit 'default'
18:02:52.925 WARN  org.springframework.boot.autoconfigure.orm.jpa.JpaBaseConfiguration$JpaWebConfiguration (restartedMain) [o.s.b.a.o.j.JpaBaseConfiguration$JpaWebConfiguration]
				-- spring.jpa.open-in-view is enabled by default. Therefore, database queries may be performed during view rendering. Explicitly configure spring.jpa.open-in-view to disable this warning
18:02:53.022 INFO  org.springframework.boot.devtools.autoconfigure.OptionalLiveReloadServer (restartedMain) [o.s.b.d.a.OptionalLiveReloadServer]
				-- LiveReload server is running on port 35729
18:02:53.032 INFO  org.springframework.boot.web.embedded.tomcat.TomcatWebServer (restartedMain) [o.s.b.w.e.tomcat.TomcatWebServer]
				-- Tomcat started on port(s): 8087 (http) with context path ''
18:02:53.036 INFO  org.springframework.boot.StartupInfoLogger (restartedMain) [c.j.department.DepartmentApplication]
				-- Started DepartmentApplication in 0.766 seconds (JVM running for 2612.57)
18:02:53.038 INFO  org.springframework.boot.devtools.autoconfigure.ConditionEvaluationDeltaLoggingListener (restartedMain) [o.s.b.d.a.ConditionEvaluationDeltaLoggingListener]
				-- Condition evaluation unchanged
