12:42:59.188 INFO  org.apache.juli.logging.DirectJDKLog (http-nio-8087-exec-4) [o.a.c.c.C.[Tomcat].[localhost].[/]]
				-- Initializing Spring DispatcherServlet 'dispatcherServlet'
12:42:59.192 INFO  org.springframework.web.servlet.FrameworkServlet (http-nio-8087-exec-4) [o.s.web.servlet.DispatcherServlet]
				-- Initializing Servlet 'dispatcherServlet'
12:42:59.193 INFO  org.springframework.web.servlet.FrameworkServlet (http-nio-8087-exec-4) [o.s.web.servlet.DispatcherServlet]
				-- Completed initialization in 1 ms
12:43:17.687 INFO  org.springframework.boot.StartupInfoLogger (restartedMain) [c.j.department.DepartmentApplication]
				-- Starting DepartmentApplication using Java 11.0.8 on VSP-JSZ3JL3 with PID 58632 (C:\Valuemomentum\AnilBarla\department\department\target\classes started by AnilBarla in C:\Valuemomentum\AnilBarla\department\department)
12:43:17.690 INFO  org.springframework.boot.SpringApplication (restartedMain) [c.j.department.DepartmentApplication]
				-- The following 1 profile is active: "dev"
12:43:17.740 WARN  org.springframework.boot.logging.DeferredLog (restartedMain) [o.s.b.c.config.ConfigDataEnvironment]
				-- Property 'spring.profiles' imported from location 'class path resource [application.yml]' is invalid and should be replaced with 'spring.config.activate.on-profile' [origin: class path resource [application.yml] - 49:13]
12:43:17.741 WARN  org.springframework.boot.logging.DeferredLog (restartedMain) [o.s.b.c.config.ConfigDataEnvironment]
				-- Property 'spring.profiles' imported from location 'class path resource [application.yml]' is invalid and should be replaced with 'spring.config.activate.on-profile' [origin: class path resource [application.yml] - 34:13]
12:43:17.743 INFO  org.springframework.boot.logging.DeferredLog (restartedMain) [o.s.b.d.e.DevToolsPropertyDefaultsPostProcessor]
				-- Devtools property defaults active! Set 'spring.devtools.add-properties' to 'false' to disable
12:43:17.743 INFO  org.springframework.boot.logging.DeferredLog (restartedMain) [o.s.b.d.e.DevToolsPropertyDefaultsPostProcessor]
				-- For additional web related logging consider setting the 'logging.level.web' property to 'DEBUG'
12:43:18.926 INFO  org.springframework.data.repository.config.RepositoryConfigurationDelegate (restartedMain) [o.s.d.r.c.RepositoryConfigurationDelegate]
				-- Bootstrapping Spring Data JPA repositories in DEFAULT mode.
12:43:19.012 INFO  org.springframework.data.repository.config.RepositoryConfigurationDelegate (restartedMain) [o.s.d.r.c.RepositoryConfigurationDelegate]
				-- Finished Spring Data repository scanning in 74 ms. Found 1 JPA repository interfaces.
12:43:19.892 INFO  org.springframework.boot.web.embedded.tomcat.TomcatWebServer (restartedMain) [o.s.b.w.e.tomcat.TomcatWebServer]
				-- Tomcat initialized with port(s): 8087 (http)
12:43:19.904 INFO  org.apache.juli.logging.DirectJDKLog (restartedMain) [o.a.catalina.core.StandardService]
				-- Starting service [Tomcat]
12:43:19.905 INFO  org.apache.juli.logging.DirectJDKLog (restartedMain) [o.a.catalina.core.StandardEngine]
				-- Starting Servlet engine: [Apache Tomcat/9.0.64]
12:43:20.049 INFO  org.apache.juli.logging.DirectJDKLog (restartedMain) [o.a.c.c.C.[Tomcat].[localhost].[/]]
				-- Initializing Spring embedded WebApplicationContext
12:43:20.050 INFO  org.springframework.boot.web.servlet.context.ServletWebServerApplicationContext (restartedMain) [o.s.b.w.s.c.ServletWebServerApplicationContext]
				-- Root WebApplicationContext: initialization completed in 2305 ms
12:43:20.230 INFO  com.zaxxer.hikari.HikariDataSource (restartedMain) [com.zaxxer.hikari.HikariDataSource]
				-- HikariPool-1 - Starting...
12:43:20.240 WARN  com.zaxxer.hikari.util.DriverDataSource (restartedMain) [c.z.hikari.util.DriverDataSource]
				-- Registered driver with driverClassName=com.mysql.jdbc.Driver was not found, trying direct instantiation.
12:43:20.623 INFO  com.zaxxer.hikari.HikariDataSource (restartedMain) [com.zaxxer.hikari.HikariDataSource]
				-- HikariPool-1 - Start completed.
12:43:20.633 INFO  org.springframework.boot.autoconfigure.h2.H2ConsoleAutoConfiguration (restartedMain) [o.s.b.a.h.H2ConsoleAutoConfiguration]
				-- H2 console available at '/h2-console'. Database available at 'jdbc:mysql://localhost:3306/javafsd'
12:43:20.840 INFO  org.hibernate.jpa.internal.util.LogHelper (restartedMain) [o.h.jpa.internal.util.LogHelper]
				-- HHH000204: Processing PersistenceUnitInfo [name: default]
12:43:20.922 INFO  org.hibernate.Version (restartedMain) [org.hibernate.Version]
				-- HHH000412: Hibernate ORM core version 5.6.9.Final
12:43:21.120 INFO  org.hibernate.annotations.common.reflection.java.JavaReflectionManager (restartedMain) [o.h.annotations.common.Version]
				-- HCANN000001: Hibernate Commons Annotations {5.1.2.Final}
12:43:21.258 INFO  org.hibernate.dialect.Dialect (restartedMain) [org.hibernate.dialect.Dialect]
				-- HHH000400: Using dialect: org.hibernate.dialect.MySQL8Dialect
12:43:21.822 INFO  org.hibernate.engine.transaction.jta.platform.internal.JtaPlatformInitiator (restartedMain) [o.h.e.t.j.p.i.JtaPlatformInitiator]
				-- HHH000490: Using JtaPlatform implementation: [org.hibernate.engine.transaction.jta.platform.internal.NoJtaPlatform]
12:43:21.829 INFO  org.springframework.orm.jpa.AbstractEntityManagerFactoryBean (restartedMain) [o.s.o.j.LocalContainerEntityManagerFactoryBean]
				-- Initialized JPA EntityManagerFactory for persistence unit 'default'
