16:49:34.800 INFO  org.hibernate.engine.transaction.jta.platform.internal.JtaPlatformInitiator (restartedMain) [o.h.e.t.j.p.i.JtaPlatformInitiator]
				-- HHH000490: Using JtaPlatform implementation: [org.hibernate.engine.transaction.jta.platform.internal.NoJtaPlatform]
16:49:34.803 INFO  org.springframework.orm.jpa.AbstractEntityManagerFactoryBean (restartedMain) [o.s.o.j.LocalContainerEntityManagerFactoryBean]
				-- Initialized JPA EntityManagerFactory for persistence unit 'default'
16:49:34.810 WARN  org.springframework.context.support.AbstractApplicationContext (restartedMain) [o.s.b.w.s.c.AnnotationConfigServletWebServerApplicationContext]
				-- Exception encountered during context initialization - cancelling refresh attempt: org.springframework.beans.factory.BeanCreationException: Error creating bean with name 'departmentController': Lookup method resolution failed; nested exception is java.lang.IllegalStateException: Failed to introspect Class [com.javafsd.department.controller.DepartmentController] from ClassLoader [org.springframework.boot.devtools.restart.classloader.RestartClassLoader@bd61022]
16:49:34.811 INFO  org.springframework.orm.jpa.AbstractEntityManagerFactoryBean (restartedMain) [o.s.o.j.LocalContainerEntityManagerFactoryBean]
				-- Closing JPA EntityManagerFactory for persistence unit 'default'
16:49:34.811 INFO  com.zaxxer.hikari.HikariDataSource (restartedMain) [com.zaxxer.hikari.HikariDataSource]
				-- HikariPool-61 - Shutdown initiated...
16:49:34.812 INFO  com.zaxxer.hikari.HikariDataSource (restartedMain) [com.zaxxer.hikari.HikariDataSource]
				-- HikariPool-61 - Shutdown completed.
16:49:34.812 INFO  org.apache.juli.logging.DirectJDKLog (restartedMain) [o.a.catalina.core.StandardService]
				-- Stopping service [Tomcat]
16:49:34.815 INFO  org.springframework.boot.autoconfigure.logging.ConditionEvaluationReportLoggingListener (restartedMain) [o.s.b.a.l.ConditionEvaluationReportLoggingListener]
				-- 

Error starting ApplicationContext. To display the conditions report re-run your application with 'debug' enabled.
16:49:34.817 ERROR org.springframework.boot.SpringApplication (restartedMain) [o.s.boot.SpringApplication]
				-- Application run failed
org.springframework.beans.factory.BeanCreationException: Error creating bean with name 'departmentController': Lookup method resolution failed; nested exception is java.lang.IllegalStateException: Failed to introspect Class [com.javafsd.department.controller.DepartmentController] from ClassLoader [org.springframework.boot.devtools.restart.classloader.RestartClassLoader@bd61022]
	at org.springframework.beans.factory.annotation.AutowiredAnnotationBeanPostProcessor.determineCandidateConstructors(AutowiredAnnotationBeanPostProcessor.java:289)
	at org.springframework.beans.factory.support.AbstractAutowireCapableBeanFactory.determineConstructorsFromBeanPostProcessors(AbstractAutowireCapableBeanFactory.java:1302)
	at org.springframework.beans.factory.support.AbstractAutowireCapableBeanFactory.createBeanInstance(AbstractAutowireCapableBeanFactory.java:1219)
	at org.springframework.beans.factory.support.AbstractAutowireCapableBeanFactory.doCreateBean(AbstractAutowireCapableBeanFactory.java:582)
	at org.springframework.beans.factory.support.AbstractAutowireCapableBeanFactory.createBean(AbstractAutowireCapableBeanFactory.java:542)
	at org.springframework.beans.factory.support.AbstractBeanFactory.lambda$doGetBean$0(AbstractBeanFactory.java:335)
	at org.springframework.beans.factory.support.DefaultSingletonBeanRegistry.getSingleton(DefaultSingletonBeanRegistry.java:234)
	at org.springframework.beans.factory.support.AbstractBeanFactory.doGetBean(AbstractBeanFactory.java:333)
	at org.springframework.beans.factory.support.AbstractBeanFactory.getBean(AbstractBeanFactory.java:208)
	at org.springframework.beans.factory.support.DefaultListableBeanFactory.preInstantiateSingletons(DefaultListableBeanFactory.java:955)
	at org.springframework.context.support.AbstractApplicationContext.finishBeanFactoryInitialization(AbstractApplicationContext.java:918)
	at org.springframework.context.support.AbstractApplicationContext.refresh(AbstractApplicationContext.java:583)
	at org.springframework.boot.web.servlet.context.ServletWebServerApplicationContext.refresh(ServletWebServerApplicationContext.java:147)
	at org.springframework.boot.SpringApplication.refresh(SpringApplication.java:734)
	at org.springframework.boot.SpringApplication.refreshContext(SpringApplication.java:408)
	at org.springframework.boot.SpringApplication.run(SpringApplication.java:308)
	at org.springframework.boot.SpringApplication.run(SpringApplication.java:1306)
	at org.springframework.boot.SpringApplication.run(SpringApplication.java:1295)
	at com.javafsd.department.DepartmentApplication.main(DepartmentApplication.java:10)
	at jdk.internal.reflect.GeneratedMethodAccessor619.invoke(Unknown Source)
	at java.base/jdk.internal.reflect.DelegatingMethodAccessorImpl.invoke(DelegatingMethodAccessorImpl.java:43)
	at java.base/java.lang.reflect.Method.invoke(Method.java:566)
	at org.springframework.boot.devtools.restart.RestartLauncher.run(RestartLauncher.java:49)
Caused by: java.lang.IllegalStateException: Failed to introspect Class [com.javafsd.department.controller.DepartmentController] from ClassLoader [org.springframework.boot.devtools.restart.classloader.RestartClassLoader@bd61022]
	at org.springframework.util.ReflectionUtils.getDeclaredMethods(ReflectionUtils.java:485)
	at org.springframework.util.ReflectionUtils.doWithLocalMethods(ReflectionUtils.java:321)
	at org.springframework.beans.factory.annotation.AutowiredAnnotationBeanPostProcessor.determineCandidateConstructors(AutowiredAnnotationBeanPostProcessor.java:267)
	... 22 common frames omitted
Caused by: java.lang.NoClassDefFoundError: Department
	at java.base/java.lang.Class.getDeclaredMethods0(Native Method)
	at java.base/java.lang.Class.privateGetDeclaredMethods(Class.java:3166)
	at java.base/java.lang.Class.getDeclaredMethods(Class.java:2309)
	at org.springframework.util.ReflectionUtils.getDeclaredMethods(ReflectionUtils.java:467)
	... 24 common frames omitted
Caused by: java.lang.ClassNotFoundException: Department
	at java.base/jdk.internal.loader.BuiltinClassLoader.loadClass(BuiltinClassLoader.java:581)
	at java.base/jdk.internal.loader.ClassLoaders$AppClassLoader.loadClass(ClassLoaders.java:178)
	at java.base/java.lang.ClassLoader.loadClass(ClassLoader.java:521)
	at java.base/java.lang.Class.forName0(Native Method)
	at java.base/java.lang.Class.forName(Class.java:398)
	at org.springframework.boot.devtools.restart.classloader.RestartClassLoader.loadClass(RestartClassLoader.java:145)
	at java.base/java.lang.ClassLoader.loadClass(ClassLoader.java:521)
	... 28 common frames omitted
16:52:01.836 INFO  org.springframework.boot.StartupInfoLogger (restartedMain) [c.j.department.DepartmentApplication]
				-- Starting DepartmentApplication using Java 11.0.8 on VSP-JSZ3JL3 with PID 29632 (C:\Valuemomentum\AnilBarla\department\department\target\classes started by AnilBarla in C:\Valuemomentum\AnilBarla\department\department)
16:52:01.836 INFO  org.springframework.boot.SpringApplication (restartedMain) [c.j.department.DepartmentApplication]
				-- No active profile set, falling back to 1 default profile: "default"
16:52:01.922 INFO  org.springframework.data.repository.config.RepositoryConfigurationDelegate (restartedMain) [o.s.d.r.c.RepositoryConfigurationDelegate]
				-- Bootstrapping Spring Data JPA repositories in DEFAULT mode.
16:52:01.926 INFO  org.springframework.data.repository.config.RepositoryConfigurationDelegate (restartedMain) [o.s.d.r.c.RepositoryConfigurationDelegate]
				-- Finished Spring Data repository scanning in 2 ms. Found 0 JPA repository interfaces.
16:52:01.960 INFO  org.springframework.boot.web.embedded.tomcat.TomcatWebServer (restartedMain) [o.s.b.w.e.tomcat.TomcatWebServer]
				-- Tomcat initialized with port(s): 8087 (http)
16:52:01.960 INFO  org.apache.juli.logging.DirectJDKLog (restartedMain) [o.a.catalina.core.StandardService]
				-- Starting service [Tomcat]
16:52:01.961 INFO  org.apache.juli.logging.DirectJDKLog (restartedMain) [o.a.catalina.core.StandardEngine]
				-- Starting Servlet engine: [Apache Tomcat/9.0.64]
16:52:01.975 INFO  org.apache.juli.logging.DirectJDKLog (restartedMain) [o.a.c.c.C.[.[localhost].[/]]
				-- Initializing Spring embedded WebApplicationContext
16:52:01.975 INFO  org.springframework.boot.web.servlet.context.ServletWebServerApplicationContext (restartedMain) [o.s.b.w.s.c.ServletWebServerApplicationContext]
				-- Root WebApplicationContext: initialization completed in 138 ms
16:52:01.979 INFO  com.zaxxer.hikari.HikariDataSource (restartedMain) [com.zaxxer.hikari.HikariDataSource]
				-- HikariPool-62 - Starting...
16:52:01.979 WARN  com.zaxxer.hikari.util.DriverDataSource (restartedMain) [c.z.hikari.util.DriverDataSource]
				-- Registered driver with driverClassName=com.mysql.jdbc.Driver was not found, trying direct instantiation.
16:52:01.987 INFO  com.zaxxer.hikari.HikariDataSource (restartedMain) [com.zaxxer.hikari.HikariDataSource]
				-- HikariPool-62 - Start completed.
16:52:01.987 INFO  org.springframework.boot.autoconfigure.h2.H2ConsoleAutoConfiguration (restartedMain) [o.s.b.a.h.H2ConsoleAutoConfiguration]
				-- H2 console available at '/h2-console'. Database available at 'jdbc:mysql://localhost:3306/javafsd'
16:52:01.996 INFO  org.hibernate.jpa.internal.util.LogHelper (restartedMain) [o.h.jpa.internal.util.LogHelper]
				-- HHH000204: Processing PersistenceUnitInfo [name: default]
16:52:01.999 INFO  org.hibernate.dialect.Dialect (restartedMain) [org.hibernate.dialect.Dialect]
				-- HHH000400: Using dialect: org.hibernate.dialect.MySQL8Dialect
