13:43:26.597 INFO  org.springframework.data.repository.config.RepositoryConfigurationDelegate (restartedMain) [o.s.d.r.c.RepositoryConfigurationDelegate]
				-- Bootstrapping Spring Data JPA repositories in DEFAULT mode.
13:43:26.937 INFO  org.springframework.data.repository.config.RepositoryConfigurationDelegate (restartedMain) [o.s.d.r.c.RepositoryConfigurationDelegate]
				-- Finished Spring Data repository scanning in 309 ms. Found 1 JPA repository interfaces.
13:43:27.372 INFO  org.springframework.cloud.context.scope.GenericScope (restartedMain) [o.s.cloud.context.scope.GenericScope]
				-- BeanFactory id=a51b619c-d1f9-30f4-bbbc-242c7e83a9da
13:43:28.737 INFO  org.springframework.boot.web.embedded.tomcat.TomcatWebServer (restartedMain) [o.s.b.w.e.tomcat.TomcatWebServer]
				-- Tomcat initialized with port(s): 8087 (http)
13:43:28.755 INFO  org.apache.juli.logging.DirectJDKLog (restartedMain) [o.a.catalina.core.StandardService]
				-- Starting service [Tomcat]
13:43:28.756 INFO  org.apache.juli.logging.DirectJDKLog (restartedMain) [o.a.catalina.core.StandardEngine]
				-- Starting Servlet engine: [Apache Tomcat/9.0.64]
13:43:29.013 INFO  org.apache.juli.logging.DirectJDKLog (restartedMain) [o.a.c.c.C.[Tomcat].[localhost].[/]]
				-- Initializing Spring embedded WebApplicationContext
13:43:29.013 INFO  org.springframework.boot.web.servlet.context.ServletWebServerApplicationContext (restartedMain) [o.s.b.w.s.c.ServletWebServerApplicationContext]
				-- Root WebApplicationContext: initialization completed in 4155 ms
13:43:29.225 INFO  com.zaxxer.hikari.HikariDataSource (restartedMain) [com.zaxxer.hikari.HikariDataSource]
				-- HikariPool-1 - Starting...
13:43:29.235 WARN  com.zaxxer.hikari.util.DriverDataSource (restartedMain) [c.z.hikari.util.DriverDataSource]
				-- Registered driver with driverClassName=com.mysql.jdbc.Driver was not found, trying direct instantiation.
13:43:29.727 INFO  com.zaxxer.hikari.HikariDataSource (restartedMain) [com.zaxxer.hikari.HikariDataSource]
				-- HikariPool-1 - Start completed.
13:43:29.750 INFO  org.springframework.boot.autoconfigure.h2.H2ConsoleAutoConfiguration (restartedMain) [o.s.b.a.h.H2ConsoleAutoConfiguration]
				-- H2 console available at '/h2-console'. Database available at 'jdbc:mysql://localhost:3306/javafsd'
13:43:30.016 INFO  org.hibernate.jpa.internal.util.LogHelper (restartedMain) [o.h.jpa.internal.util.LogHelper]
				-- HHH000204: Processing PersistenceUnitInfo [name: default]
13:43:30.124 INFO  org.hibernate.Version (restartedMain) [org.hibernate.Version]
				-- HHH000412: Hibernate ORM core version 5.6.9.Final
13:43:30.417 INFO  org.hibernate.annotations.common.reflection.java.JavaReflectionManager (restartedMain) [o.h.annotations.common.Version]
				-- HCANN000001: Hibernate Commons Annotations {5.1.2.Final}
13:43:30.611 INFO  org.hibernate.dialect.Dialect (restartedMain) [org.hibernate.dialect.Dialect]
				-- HHH000400: Using dialect: org.hibernate.dialect.MySQL8Dialect
13:43:31.484 INFO  org.hibernate.engine.transaction.jta.platform.internal.JtaPlatformInitiator (restartedMain) [o.h.e.t.j.p.i.JtaPlatformInitiator]
				-- HHH000490: Using JtaPlatform implementation: [org.hibernate.engine.transaction.jta.platform.internal.NoJtaPlatform]
13:43:31.494 INFO  org.springframework.orm.jpa.AbstractEntityManagerFactoryBean (restartedMain) [o.s.o.j.LocalContainerEntityManagerFactoryBean]
				-- Initialized JPA EntityManagerFactory for persistence unit 'default'
13:43:32.083 WARN  org.springframework.boot.autoconfigure.orm.jpa.JpaBaseConfiguration$JpaWebConfiguration (restartedMain) [o.s.b.a.o.j.JpaBaseConfiguration$JpaWebConfiguration]
				-- spring.jpa.open-in-view is enabled by default. Therefore, database queries may be performed during view rendering. Explicitly configure spring.jpa.open-in-view to disable this warning
13:43:33.201 INFO  org.springframework.boot.devtools.autoconfigure.OptionalLiveReloadServer (restartedMain) [o.s.b.d.a.OptionalLiveReloadServer]
				-- LiveReload server is running on port 35729
13:43:33.559 INFO  org.springframework.cloud.netflix.eureka.config.DiscoveryClientOptionalArgsConfiguration (restartedMain) [o.s.c.n.e.c.DiscoveryClientOptionalArgsConfiguration]
				-- Eureka HTTP Client uses RestTemplate.
13:43:33.662 WARN  org.springframework.cloud.loadbalancer.config.LoadBalancerCacheAutoConfiguration$LoadBalancerCaffeineWarnLogger (restartedMain) [o.s.c.l.c.LoadBalancerCacheAutoConfiguration$LoadBalancerCaffeineWarnLogger]
				-- Spring Cloud LoadBalancer is currently working with the default cache. While this cache implementation is useful for development and tests, it's recommended to use Caffeine cache in production.You can switch to using Caffeine cache, by adding it and org.springframework.cache.caffeine.CaffeineCacheManager to the classpath.
13:43:33.671 INFO  org.springframework.boot.actuate.endpoint.web.EndpointLinksResolver (restartedMain) [o.s.b.a.e.web.EndpointLinksResolver]
				-- Exposing 16 endpoint(s) beneath base path '/actuator'
13:43:33.725 INFO  org.springframework.cloud.netflix.eureka.InstanceInfoFactory (restartedMain) [o.s.c.n.eureka.InstanceInfoFactory]
				-- Setting initial instance status as: STARTING
13:43:33.848 INFO  com.netflix.discovery.DiscoveryClient (restartedMain) [c.netflix.discovery.DiscoveryClient]
				-- Initializing Eureka in region us-east-1
